16:06:31| 239 cars have been created = 3.81241810
16:06:31| Factories      : 1
16:06:31| Dealerships    : 1
16:06:31| Run Time       : 3.8124
16:06:31| Max queue size : 10
16:06:31| Factor Stats   : [239]
16:06:31| Dealer Stats   : [239]
16:06:31| 
16:06:35| 296 cars have been created = 4.29409870
16:06:35| Factories      : 1
16:06:35| Dealerships    : 2
16:06:35| Run Time       : 4.2941
16:06:35| Max queue size : 2
16:06:35| Factor Stats   : [296]
16:06:35| Dealer Stats   : [147, 149]
16:06:35| 
16:06:41| 460 cars have been created = 5.71115410
16:06:41| Factories      : 2
16:06:41| Dealerships    : 1
16:06:41| Run Time       : 5.7112
16:06:41| Max queue size : 10
16:06:41| Factor Stats   : [460]
16:06:41| Dealer Stats   : [460]
16:06:41| 
16:06:44| 427 cars have been created = 3.42309470
16:06:44| Factories      : 2
16:06:44| Dealerships    : 2
16:06:44| Run Time       : 3.4231
16:06:44| Max queue size : 10
16:06:44| Factor Stats   : [427]
16:06:44| Dealer Stats   : [218, 209]
16:06:44| 
