14:58:17| 0 cars have been created = 1.00033510
14:58:17| Factories      : 1
14:58:17| Dealerships    : 1
14:58:17| Run Time       : 1.0003
14:58:17| Max queue size : 0
14:58:17| Factor Stats   : [1, 2, 3]
14:58:17| Dealer Stats   : [0]
14:58:17| 
14:58:18| 0 cars have been created = 1.00067800
14:58:18| Factories      : 1
14:58:18| Dealerships    : 2
14:58:18| Run Time       : 1.0007
14:58:18| Max queue size : 0
14:58:18| Factor Stats   : [1, 2, 3]
14:58:18| Dealer Stats   : [0, 0]
14:58:18| 
14:58:19| 0 cars have been created = 1.00029340
14:58:19| Factories      : 2
14:58:19| Dealerships    : 1
14:58:19| Run Time       : 1.0003
14:58:19| Max queue size : 0
14:58:19| Factor Stats   : [1, 2, 3]
14:58:19| Dealer Stats   : [0]
14:58:19| 
14:58:20| 0 cars have been created = 1.00019920
14:58:20| Factories      : 2
14:58:20| Dealerships    : 2
14:58:20| Run Time       : 1.0002
14:58:20| Max queue size : 0
14:58:20| Factor Stats   : [1, 2, 3]
14:58:20| Dealer Stats   : [0, 0]
14:58:20| 
14:58:21| 0 cars have been created = 1.00059050
14:58:21| Factories      : 2
14:58:21| Dealerships    : 5
14:58:21| Run Time       : 1.0006
14:58:21| Max queue size : 0
14:58:21| Factor Stats   : [1, 2, 3]
14:58:21| Dealer Stats   : [0, 0, 0, 0, 0]
14:58:21| 
14:58:22| 0 cars have been created = 1.00057070
14:58:22| Factories      : 5
14:58:22| Dealerships    : 2
14:58:22| Run Time       : 1.0006
14:58:22| Max queue size : 0
14:58:22| Factor Stats   : [1, 2, 3]
14:58:22| Dealer Stats   : [0, 0]
14:58:22| 
14:58:23| 0 cars have been created = 1.00042230
14:58:23| Factories      : 10
14:58:23| Dealerships    : 10
14:58:23| Run Time       : 1.0004
14:58:23| Max queue size : 0
14:58:23| Factor Stats   : [1, 2, 3]
14:58:23| Dealer Stats   : [0, 0, 0, 0, 0, 0, 0, 0, 0, 0]
14:58:23| 
