16:04:18| 280 cars have been created = 4.27918330
16:04:18| Factories      : 1
16:04:18| Dealerships    : 1
16:04:18| Run Time       : 4.2792
16:04:18| Max queue size : 10
16:04:18| Factor Stats   : [280]
16:04:18| Dealer Stats   : [280]
16:04:18| 
16:04:22| 260 cars have been created = 3.76766930
16:04:22| Factories      : 1
16:04:22| Dealerships    : 2
16:04:22| Run Time       : 3.7677
16:04:22| Max queue size : 2
16:04:22| Factor Stats   : [260]
16:04:22| Dealer Stats   : [134, 126]
16:04:22| 
16:04:29| 569 cars have been created = 7.49864850
16:04:29| Factories      : 2
16:04:29| Dealerships    : 1
16:04:29| Run Time       : 7.4986
16:04:29| Max queue size : 10
16:04:29| Factor Stats   : [569]
16:04:29| Dealer Stats   : [569]
16:04:29| 
16:04:33| 437 cars have been created = 3.59975060
16:04:33| Factories      : 2
16:04:33| Dealerships    : 2
16:04:33| Run Time       : 3.5998
16:04:33| Max queue size : 10
16:04:33| Factor Stats   : [437]
16:04:33| Dealer Stats   : [222, 215]
16:04:33| 
