16:07:50| 239 cars have been created = 3.64023770
16:07:50| Factories      : 1
16:07:50| Dealerships    : 1
16:07:50| Run Time       : 3.6402
16:07:50| Max queue size : 7
16:07:50| Factor Stats   : [239]
16:07:50| Dealer Stats   : [239]
16:07:50| 
16:07:54| 279 cars have been created = 4.08616740
16:07:54| Factories      : 1
16:07:54| Dealerships    : 2
16:07:54| Run Time       : 4.0862
16:07:54| Max queue size : 2
16:07:54| Factor Stats   : [279]
16:07:54| Dealer Stats   : [140, 139]
16:07:54| 
16:08:00| 482 cars have been created = 6.24187150
16:08:00| Factories      : 2
16:08:00| Dealerships    : 1
16:08:00| Run Time       : 6.2419
16:08:00| Max queue size : 10
16:08:00| Factor Stats   : [482]
16:08:00| Dealer Stats   : [482]
16:08:00| 
16:08:04| 498 cars have been created = 4.02408730
16:08:04| Factories      : 2
16:08:04| Dealerships    : 2
16:08:04| Run Time       : 4.0241
16:08:04| Max queue size : 10
16:08:04| Factor Stats   : [498]
16:08:04| Dealer Stats   : [248, 250]
16:08:04| 
