16:02:18| 227 cars have been created = 3.67251950
16:02:18| Factories      : 1
16:02:18| Dealerships    : 1
16:02:18| Run Time       : 3.6725
16:02:18| Max queue size : 10
16:02:18| Factor Stats   : [227]
16:02:18| Dealer Stats   : [227]
16:02:18| 
16:02:22| 261 cars have been created = 3.94718320
16:02:22| Factories      : 1
16:02:22| Dealerships    : 2
16:02:22| Run Time       : 3.9472
16:02:22| Max queue size : 3
16:02:22| Factor Stats   : [261]
16:02:22| Dealer Stats   : [131, 130]
16:02:22| 
16:02:28| 480 cars have been created = 6.36670820
16:02:28| Factories      : 2
16:02:28| Dealerships    : 1
16:02:28| Run Time       : 6.3667
16:02:28| Max queue size : 10
16:02:28| Factor Stats   : [480]
16:02:28| Dealer Stats   : [480]
16:02:28| 
16:02:32| 580 cars have been created = 4.36548940
16:02:32| Factories      : 2
16:02:32| Dealerships    : 2
16:02:32| Run Time       : 4.3655
16:02:32| Max queue size : 10
16:02:32| Factor Stats   : [580]
16:02:32| Dealer Stats   : [284, 296]
16:02:32| 
