15:54:59| 249 cars have been created = 3.93607540
15:54:59| Factories      : 1
15:54:59| Dealerships    : 1
15:54:59| Run Time       : 3.9361
15:54:59| Max queue size : 10
15:54:59| Factor Stats   : [249]
15:54:59| Dealer Stats   : [249]
15:54:59| 
15:55:03| 240 cars have been created = 3.68915740
15:55:03| Factories      : 1
15:55:03| Dealerships    : 2
15:55:03| Run Time       : 3.6892
15:55:03| Max queue size : 2
15:55:03| Factor Stats   : [240]
15:55:03| Dealer Stats   : [121, 119]
15:55:03| 
15:55:09| 451 cars have been created = 6.12580670
15:55:09| Factories      : 2
15:55:09| Dealerships    : 1
15:55:09| Run Time       : 6.1258
15:55:09| Max queue size : 10
15:55:09| Factor Stats   : [451]
15:55:09| Dealer Stats   : [451]
15:55:09| 
15:55:13| 564 cars have been created = 4.44823320
15:55:13| Factories      : 2
15:55:13| Dealerships    : 2
15:55:13| Run Time       : 4.4482
15:55:13| Max queue size : 10
15:55:13| Factor Stats   : [564]
15:55:13| Dealer Stats   : [284, 280]
15:55:13| 
