11:07:48| 225 cars have been created = 3.64743020
11:07:48| Factories      : 1
11:07:48| Dealerships    : 1
11:07:48| Run Time       : 3.6474
11:07:48| Max queue size : 7
11:07:48| Factor Stats   : [225]
11:07:48| Dealer Stats   : [225]
11:07:48| 
11:07:52| 240 cars have been created = 3.74078510
11:07:52| Factories      : 1
11:07:52| Dealerships    : 2
11:07:52| Run Time       : 3.7408
11:07:52| Max queue size : 3
11:07:52| Factor Stats   : [240]
11:07:52| Dealer Stats   : [122, 118]
11:07:52| 
11:07:59| 530 cars have been created = 6.76570230
11:07:59| Factories      : 2
11:07:59| Dealerships    : 1
11:07:59| Run Time       : 6.7657
11:07:59| Max queue size : 10
11:07:59| Factor Stats   : [530]
11:07:59| Dealer Stats   : [530]
11:07:59| 
11:08:03| 494 cars have been created = 4.15216680
11:08:03| Factories      : 2
11:08:03| Dealerships    : 2
11:08:03| Run Time       : 4.1522
11:08:03| Max queue size : 10
11:08:03| Factor Stats   : [494]
11:08:03| Dealer Stats   : [245, 249]
11:08:03| 
