11:40:56| 245 cars have been created = 3.69970400
11:40:56| Factories      : 1
11:40:56| Dealerships    : 1
11:40:56| Run Time       : 3.6997
11:40:56| Max queue size : 9
11:40:56| Factor Stats   : [245]
11:40:56| Dealer Stats   : [245]
11:40:56| 
11:40:59| 230 cars have been created = 3.64362600
11:40:59| Factories      : 1
11:40:59| Dealerships    : 2
11:40:59| Run Time       : 3.6436
11:40:59| Max queue size : 4
11:40:59| Factor Stats   : [230]
11:40:59| Dealer Stats   : [114, 116]
11:40:59| 
11:41:05| 421 cars have been created = 5.63563910
11:41:05| Factories      : 2
11:41:05| Dealerships    : 1
11:41:05| Run Time       : 5.6356
11:41:05| Max queue size : 11
11:41:05| Factor Stats   : [421]
11:41:05| Dealer Stats   : [421]
11:41:05| 
11:41:09| 528 cars have been created = 4.38167970
11:41:09| Factories      : 2
11:41:09| Dealerships    : 2
11:41:09| Run Time       : 4.3817
11:41:09| Max queue size : 10
11:41:09| Factor Stats   : [528]
11:41:09| Dealer Stats   : [266, 262]
11:41:09| 
11:41:13| 477 cars have been created = 3.78469710
11:41:13| Factories      : 2
11:41:13| Dealerships    : 5
11:41:13| Run Time       : 3.7847
11:41:13| Max queue size : 8
11:41:13| Factor Stats   : [477]
11:41:13| Dealer Stats   : [99, 94, 93, 92, 99]
11:41:13| 
