11:42:28| 250 cars have been created = 3.89866360
11:42:28| Factories      : 1
11:42:28| Dealerships    : 1
11:42:28| Run Time       : 3.8987
11:42:28| Max queue size : 10
11:42:28| Factor Stats   : [250]
11:42:28| Dealer Stats   : [250]
11:42:28| 
11:42:32| 253 cars have been created = 3.92522550
11:42:32| Factories      : 1
11:42:32| Dealerships    : 2
11:42:32| Run Time       : 3.9252
11:42:32| Max queue size : 4
11:42:32| Factor Stats   : [253]
11:42:32| Dealer Stats   : [125, 128]
11:42:32| 
11:42:38| 492 cars have been created = 6.28029440
11:42:38| Factories      : 2
11:42:38| Dealerships    : 1
11:42:38| Run Time       : 6.2803
11:42:38| Max queue size : 11
11:42:38| Factor Stats   : [492]
11:42:38| Dealer Stats   : [492]
11:42:38| 
11:42:42| 456 cars have been created = 3.65863610
11:42:42| Factories      : 2
11:42:42| Dealerships    : 2
11:42:42| Run Time       : 3.6586
11:42:42| Max queue size : 10
11:42:42| Factor Stats   : [456]
11:42:42| Dealer Stats   : [233, 223]
11:42:42| 
11:42:46| 450 cars have been created = 3.78900020
11:42:46| Factories      : 2
11:42:46| Dealerships    : 5
11:42:46| Run Time       : 3.7890
11:42:46| Max queue size : 8
11:42:46| Factor Stats   : [450]
11:42:46| Dealer Stats   : [89, 90, 90, 89, 92]
11:42:46| 
