11:51:24| 286 cars have been created = 4.37755900
11:51:24| Factories      : 1
11:51:24| Dealerships    : 1
11:51:24| Run Time       : 4.3776
11:51:24| Max queue size : 10
11:51:24| Factor Stats   : [286]
11:51:24| Dealer Stats   : [286]
11:51:24| 
11:51:28| 232 cars have been created = 3.57509090
11:51:28| Factories      : 1
11:51:28| Dealerships    : 2
11:51:28| Run Time       : 3.5751
11:51:28| Max queue size : 3
11:51:28| Factor Stats   : [232]
11:51:28| Dealer Stats   : [111, 121]
11:51:28| 
11:51:34| 507 cars have been created = 6.56210400
11:51:34| Factories      : 2
11:51:34| Dealerships    : 1
11:51:34| Run Time       : 6.5621
11:51:34| Max queue size : 10
11:51:34| Factor Stats   : [507]
11:51:34| Dealer Stats   : [507]
11:51:34| 
11:51:39| 501 cars have been created = 4.25754470
11:51:39| Factories      : 2
11:51:39| Dealerships    : 2
11:51:39| Run Time       : 4.2575
11:51:39| Max queue size : 10
11:51:39| Factor Stats   : [501]
11:51:39| Dealer Stats   : [240, 261]
11:51:39| 
11:51:43| 547 cars have been created = 4.28391830
11:51:43| Factories      : 2
11:51:43| Dealerships    : 5
11:51:43| Run Time       : 4.2839
11:51:43| Max queue size : 5
11:51:43| Factor Stats   : [547]
11:51:43| Dealer Stats   : [110, 108, 112, 110, 107]
11:51:43| 
