12:44:28| 258 cars have been created = 3.89265660
12:44:28| Factories      : 1
12:44:28| Dealerships    : 1
12:44:28| Run Time       : 3.8927
12:44:28| Max queue size : 9
12:44:28| Factor Stats   : [258]
12:44:28| Dealer Stats   : [258]
12:44:28| 
12:44:32| 294 cars have been created = 4.16637320
12:44:32| Factories      : 1
12:44:32| Dealerships    : 2
12:44:32| Run Time       : 4.1664
12:44:32| Max queue size : 3
12:44:32| Factor Stats   : [294]
12:44:32| Dealer Stats   : [150, 144]
12:44:32| 
12:44:39| 585 cars have been created = 7.51356400
12:44:39| Factories      : 2
12:44:39| Dealerships    : 1
12:44:39| Run Time       : 7.5136
12:44:39| Max queue size : 10
12:44:39| Factor Stats   : [585]
12:44:39| Dealer Stats   : [585]
12:44:39| 
12:44:43| 452 cars have been created = 3.71064790
12:44:43| Factories      : 2
12:44:43| Dealerships    : 2
12:44:43| Run Time       : 3.7106
12:44:43| Max queue size : 10
12:44:43| Factor Stats   : [452]
12:44:43| Dealer Stats   : [228, 224]
12:44:43| 
12:44:47| 433 cars have been created = 3.56966990
12:44:47| Factories      : 2
12:44:47| Dealerships    : 5
12:44:47| Run Time       : 3.5697
12:44:47| Max queue size : 5
12:44:47| Factor Stats   : [433]
12:44:47| Dealer Stats   : [89, 89, 85, 87, 83]
12:44:47| 
