11:52:57| 267 cars have been created = 3.87033050
11:52:57| Factories      : 1
11:52:57| Dealerships    : 1
11:52:57| Run Time       : 3.8703
11:52:57| Max queue size : 10
11:52:57| Factor Stats   : [267]
11:52:57| Dealer Stats   : [267]
11:52:57| 
11:53:01| 248 cars have been created = 3.87740320
11:53:01| Factories      : 1
11:53:01| Dealerships    : 2
11:53:01| Run Time       : 3.8774
11:53:01| Max queue size : 3
11:53:01| Factor Stats   : [248]
11:53:01| Dealer Stats   : [123, 125]
11:53:01| 
11:53:07| 497 cars have been created = 6.26108580
11:53:07| Factories      : 2
11:53:07| Dealerships    : 1
11:53:07| Run Time       : 6.2611
11:53:07| Max queue size : 10
11:53:07| Factor Stats   : [497]
11:53:07| Dealer Stats   : [497]
11:53:07| 
11:53:11| 560 cars have been created = 4.31913760
11:53:11| Factories      : 2
11:53:11| Dealerships    : 2
11:53:11| Run Time       : 4.3191
11:53:11| Max queue size : 10
11:53:11| Factor Stats   : [560]
11:53:11| Dealer Stats   : [281, 279]
11:53:11| 
11:53:16| 521 cars have been created = 4.18285830
11:53:16| Factories      : 2
11:53:16| Dealerships    : 5
11:53:16| Run Time       : 4.1829
11:53:16| Max queue size : 5
11:53:16| Factor Stats   : [521]
11:53:16| Dealer Stats   : [109, 104, 101, 104, 103]
11:53:16| 
