11:23:57| --------------------------------------------------------------------------------
11:23:57| Primes: 76
11:23:57| 1758554496511 is prime
11:23:57| 8582737578071 is prime
11:23:57| 9289333666033 is prime
11:23:57| 1760777333209 is prime
11:23:57| 2880531983663 is prime
11:23:57| 8626330582537 is prime
11:23:57| 5060564307431 is prime
11:23:57| 9626179694177 is prime
11:23:57| 1993116939907 is prime
11:23:57| 4898982371567 is prime
11:23:57| 7509988246259 is prime
11:23:57| 9515112744497 is prime
11:23:57| 1926488281217 is prime
11:23:57| 6268980526451 is prime
11:23:57| 9172212715781 is prime
11:23:57| 1310264437289 is prime
11:23:57| 4568173276577 is prime
11:23:57| 3655044929509 is prime
11:23:57| 1341180031193 is prime
11:23:57| 2070610154183 is prime
11:23:57| 7788721622051 is prime
11:23:57| 296021211979 is prime
11:23:57| 1424094488207 is prime
11:23:57| 6507694317931 is prime
11:23:57| 856802889827 is prime
11:23:57| 658341269779 is prime
11:23:57| 3604382321513 is prime
11:23:57| 3177245368097 is prime
11:23:57| 6249730258267 is prime
11:23:57| 3061036900997 is prime
11:23:57| 8791606100281 is prime
11:23:57| 6133451064311 is prime
11:23:57| 3674767332553 is prime
11:23:57| 6800139034951 is prime
11:23:57| 1440643322323 is prime
11:23:57| 3295869653749 is prime
11:23:57| 2234830901587 is prime
11:23:57| 1992073974607 is prime
11:23:57| 4286646007747 is prime
11:23:57| 9565907381999 is prime
11:23:57| 1762825477759 is prime
11:23:57| 517621695379 is prime
11:23:57| 237710252893 is prime
11:23:57| 2520301555129 is prime
11:23:57| 2746051347983 is prime
11:23:57| 8709420509519 is prime
11:23:57| 3897309994297 is prime
11:23:57| 4799936339743 is prime
11:23:57| 4673409026537 is prime
11:23:57| 8200508244673 is prime
11:23:57| 1942507325531 is prime
11:23:57| 1129501962713 is prime
11:23:57| 6127076866231 is prime
11:23:57| 9876895785293 is prime
11:23:57| 6086561198981 is prime
11:23:57| 3400763058727 is prime
11:23:57| 9745930707917 is prime
11:23:57| 190382611411 is prime
11:23:57| 4603198368697 is prime
11:23:57| 1118790593537 is prime
11:23:57| 8380990853759 is prime
11:23:57| 123767625287 is prime
11:23:57| 2586099583591 is prime
11:23:57| 5288342136097 is prime
11:23:57| 6523031074687 is prime
11:23:57| 9109403028367 is prime
11:23:57| 1013869659013 is prime
11:23:57| 8612674126079 is prime
11:23:57| 1083495356341 is prime
11:23:57| 1387452611219 is prime
11:23:57| 8809301998711 is prime
11:23:57| 4910583788387 is prime
11:23:57| 5720260241953 is prime
11:23:57| 535314018067 is prime
11:23:57| 4198851423089 is prime
11:23:57| 8965687068109 is prime
11:23:57|  
11:23:57| --------------------------------------------------------------------------------
11:23:57| Words: 0
11:23:57|  
11:23:57| --------------------------------------------------------------------------------
11:23:57| Uppercase: 0
11:23:57|  
11:23:57| --------------------------------------------------------------------------------
11:23:57| Sums: 0
11:23:57|  
11:23:57| --------------------------------------------------------------------------------
11:23:57| Names: 0
11:23:57|  
11:23:57| Number of Primes tasks: 76
11:23:57| Number of Words tasks: 0
11:23:57| Number of Uppercase tasks: 0
11:23:57| Number of Sums tasks: 0
11:23:57| Number of Names tasks: 0
11:23:57| Finished processes 4034 tasks = 13.56169550
