10:49:06| --------------------------------------------------------------------------------
10:49:06| Primes: 0
10:49:06|  
10:49:06| --------------------------------------------------------------------------------
10:49:06| Words: 0
10:49:06|  
10:49:06| --------------------------------------------------------------------------------
10:49:06| Uppercase: 0
10:49:06|  
10:49:06| --------------------------------------------------------------------------------
10:49:06| Sums: 0
10:49:06|  
10:49:06| --------------------------------------------------------------------------------
10:49:06| Names: 0
10:49:06|  
10:49:06| Number of Primes tasks: 0
10:49:06| Number of Words tasks: 0
10:49:06| Number of Uppercase tasks: 0
10:49:06| Number of Sums tasks: 0
10:49:06| Number of Names tasks: 0
10:49:06| Finished processes 0 tasks = 0.00702740
