11:09:32| --------------------------------------------------------------------------------
11:09:32| Primes: 0
11:09:32|  
11:09:32| --------------------------------------------------------------------------------
11:09:32| Words: 0
11:09:32|  
11:09:32| --------------------------------------------------------------------------------
11:09:32| Uppercase: 0
11:09:32|  
11:09:32| --------------------------------------------------------------------------------
11:09:32| Sums: 0
11:09:32|  
11:09:32| --------------------------------------------------------------------------------
11:09:32| Names: 0
11:09:32|  
11:09:32| Number of Primes tasks: 0
11:09:32| Number of Words tasks: 0
11:09:32| Number of Uppercase tasks: 0
11:09:32| Number of Sums tasks: 0
11:09:32| Number of Names tasks: 0
11:09:32| Finished processes 4034 tasks = 2.04691270
