11:13:01| --------------------------------------------------------------------------------
11:13:01| Primes: 0
11:13:01|  
11:13:01| --------------------------------------------------------------------------------
11:13:01| Words: 0
11:13:01|  
11:13:01| --------------------------------------------------------------------------------
11:13:01| Uppercase: 0
11:13:01|  
11:13:01| --------------------------------------------------------------------------------
11:13:01| Sums: 0
11:13:01|  
11:13:01| --------------------------------------------------------------------------------
11:13:01| Names: 0
11:13:01|  
11:13:01| Number of Primes tasks: 0
11:13:01| Number of Words tasks: 0
11:13:01| Number of Uppercase tasks: 0
11:13:01| Number of Sums tasks: 0
11:13:01| Number of Names tasks: 0
11:13:01| Finished processes 4034 tasks = 5.58519290
