11:08:34| --------------------------------------------------------------------------------
11:08:34| Primes: 0
11:08:34|  
11:08:34| --------------------------------------------------------------------------------
11:08:34| Words: 0
11:08:34|  
11:08:34| --------------------------------------------------------------------------------
11:08:34| Uppercase: 0
11:08:34|  
11:08:34| --------------------------------------------------------------------------------
11:08:34| Sums: 0
11:08:34|  
11:08:34| --------------------------------------------------------------------------------
11:08:34| Names: 0
11:08:34|  
11:08:34| Number of Primes tasks: 0
11:08:34| Number of Words tasks: 0
11:08:34| Number of Uppercase tasks: 0
11:08:34| Number of Sums tasks: 0
11:08:34| Number of Names tasks: 0
11:08:34| Finished processes 0 tasks = 0.02631350
