11:00:04| --------------------------------------------------------------------------------
11:00:04| Primes: 0
11:00:04|  
11:00:04| --------------------------------------------------------------------------------
11:00:04| Words: 0
11:00:04|  
11:00:04| --------------------------------------------------------------------------------
11:00:04| Uppercase: 0
11:00:04|  
11:00:04| --------------------------------------------------------------------------------
11:00:04| Sums: 0
11:00:04|  
11:00:04| --------------------------------------------------------------------------------
11:00:04| Names: 0
11:00:04|  
11:00:04| Number of Primes tasks: 0
11:00:04| Number of Words tasks: 0
11:00:04| Number of Uppercase tasks: 0
11:00:04| Number of Sums tasks: 0
11:00:04| Number of Names tasks: 0
11:00:04| Finished processes 0 tasks = 0.03804820
