15:59:22| ****************************************
15:59:22| Part 1
15:59:22| 
15:59:22| File: verysmall.bmp
15:59:22| Number of drawing commands for = 62
15:59:23| Found path has length          = 6
15:59:23| 
15:59:23| File: verysmall-loops.bmp
15:59:23| Number of drawing commands for = 264
15:59:25| Found path has length          = 47
15:59:25| 
15:59:25| File: small.bmp
15:59:25| Number of drawing commands for = 1098
15:59:26| Found path has length          = 4
15:59:26| 
15:59:26| File: small-loops.bmp
15:59:26| Number of drawing commands for = 1124
15:59:26| Found path has length          = 17
15:59:26| 
15:59:26| File: small-odd.bmp
15:59:26| Number of drawing commands for = 1100
15:59:27| Found path has length          = 5
15:59:27| 
15:59:27| File: small-open.bmp
15:59:27| Number of drawing commands for = 1252
15:59:29| Found path has length          = 81
15:59:29| 
15:59:29| File: large.bmp
15:59:29| Number of drawing commands for = 16678
15:59:30| Found path has length          = 18
15:59:30| 
15:59:30| File: large-loops.bmp
15:59:30| Number of drawing commands for = 16732
15:59:31| Found path has length          = 45
15:59:31| ****************************************
