13:09:44| ****************************************
13:09:44| Part 2
13:09:44| 
13:09:44| File: verysmall.bmp
13:09:44| Number of drawing commands = 88
13:09:44| Number of threads created  = 0
13:09:46| 
13:09:46| File: verysmall-loops.bmp
13:09:47| Number of drawing commands = 322
13:09:47| Number of threads created  = 0
13:09:51| 
13:09:51| File: small.bmp
13:10:00| Number of drawing commands = 2116
13:10:00| Number of threads created  = 0
13:10:12| 
13:10:12| File: small-loops.bmp
13:10:22| Number of drawing commands = 2152
13:10:22| Number of threads created  = 0
13:10:33| 
13:10:33| File: small-odd.bmp
13:10:43| Number of drawing commands = 2336
13:10:43| Number of threads created  = 0
13:10:56| 
13:10:56| File: small-open.bmp
13:10:56| Number of drawing commands = 2594
13:10:56| Number of threads created  = 0
13:11:13| 
13:11:13| File: large.bmp
13:11:15| Number of drawing commands = 33028
13:11:15| Number of threads created  = 0
