19:13:21| --------------------------------------------------------------------------------
19:13:21| Primes: 0
19:13:21|  
19:13:21| --------------------------------------------------------------------------------
19:13:21| Words: 0
19:13:21|  
19:13:21| --------------------------------------------------------------------------------
19:13:21| Uppercase: 0
19:13:21|  
19:13:21| --------------------------------------------------------------------------------
19:13:21| Sums: 0
19:13:21|  
19:13:21| --------------------------------------------------------------------------------
19:13:21| Names: 0
19:13:21|  
19:13:21| Number of Primes tasks: 0
19:13:21| Number of Words tasks: 0
19:13:21| Number of Uppercase tasks: 0
19:13:21| Number of Sums tasks: 0
19:13:21| Number of Names tasks: 0
19:13:21| Finished processes 5 tasks = 1.89073300
