11:03:10| --------------------------------------------------------------------------------
11:03:10| Primes: 0
11:03:10|  
11:03:10| --------------------------------------------------------------------------------
11:03:10| Words: 0
11:03:10|  
11:03:10| --------------------------------------------------------------------------------
11:03:10| Uppercase: 0
11:03:10|  
11:03:10| --------------------------------------------------------------------------------
11:03:10| Sums: 0
11:03:10|  
11:03:10| --------------------------------------------------------------------------------
11:03:10| Names: 0
11:03:10|  
11:03:10| Number of Primes tasks: 0
11:03:10| Number of Words tasks: 0
11:03:10| Number of Uppercase tasks: 0
11:03:10| Number of Sums tasks: 0
11:03:10| Number of Names tasks: 0
11:03:10| Finished processes 5 tasks = 0.02805790
