19:13:42| --------------------------------------------------------------------------------
19:13:42| Primes: 0
19:13:42|  
19:13:42| --------------------------------------------------------------------------------
19:13:42| Words: 0
19:13:42|  
19:13:42| --------------------------------------------------------------------------------
19:13:42| Uppercase: 0
19:13:42|  
19:13:42| --------------------------------------------------------------------------------
19:13:42| Sums: 0
19:13:42|  
19:13:42| --------------------------------------------------------------------------------
19:13:42| Names: 0
19:13:42|  
19:13:42| Number of Primes tasks: 0
19:13:42| Number of Words tasks: 0
19:13:42| Number of Uppercase tasks: 0
19:13:42| Number of Sums tasks: 0
19:13:42| Number of Names tasks: 0
19:13:42| Finished processes 5 tasks = 1.91466290
