11:00:41| --------------------------------------------------------------------------------
11:00:41| Primes: 0
11:00:41|  
11:00:41| --------------------------------------------------------------------------------
11:00:41| Words: 0
11:00:41|  
11:00:41| --------------------------------------------------------------------------------
11:00:41| Uppercase: 0
11:00:41|  
11:00:41| --------------------------------------------------------------------------------
11:00:41| Sums: 0
11:00:41|  
11:00:41| --------------------------------------------------------------------------------
11:00:41| Names: 0
11:00:41|  
11:00:41| Number of Primes tasks: 0
11:00:41| Number of Words tasks: 0
11:00:41| Number of Uppercase tasks: 0
11:00:41| Number of Sums tasks: 0
11:00:41| Number of Names tasks: 0
11:00:41| Finished processes 5 tasks = 0.03780370
