11:02:40| --------------------------------------------------------------------------------
11:02:40| Primes: 0
11:02:40|  
11:02:40| --------------------------------------------------------------------------------
11:02:40| Words: 0
11:02:40|  
11:02:40| --------------------------------------------------------------------------------
11:02:40| Uppercase: 0
11:02:40|  
11:02:40| --------------------------------------------------------------------------------
11:02:40| Sums: 0
11:02:40|  
11:02:40| --------------------------------------------------------------------------------
11:02:40| Names: 0
11:02:40|  
11:02:40| Number of Primes tasks: 0
11:02:40| Number of Words tasks: 0
11:02:40| Number of Uppercase tasks: 0
11:02:40| Number of Sums tasks: 0
11:02:40| Number of Names tasks: 0
11:02:40| Finished processes 5 tasks = 0.02706130
