11:10:35| --------------------------------------------------------------------------------
11:10:35| Primes: 1
11:10:35| 7 is prime
11:10:35|  
11:10:35| --------------------------------------------------------------------------------
11:10:35| Words: 1
11:10:35| amusement is in the text file
11:10:35|  
11:10:35| --------------------------------------------------------------------------------
11:10:35| Uppercase: 1
11:10:35| INJECT
11:10:35|  
11:10:35| --------------------------------------------------------------------------------
11:10:35| Sums: 0
11:10:35|  
11:10:35| --------------------------------------------------------------------------------
11:10:35| Names: 0
11:10:35|  
11:10:35| Number of Primes tasks: 1
11:10:35| Number of Words tasks: 1
11:10:35| Number of Uppercase tasks: 1
11:10:35| Number of Sums tasks: 0
11:10:35| Number of Names tasks: 0
11:10:35| Finished processes 5 tasks = 0.06715670
