19:25:47| --------------------------------------------------------------------------------
19:25:47| Primes: 1000
19:25:47| 6194869240951 is not prime
19:25:47| 7507780423611 is not prime
19:25:47| 8130328615921 is not prime
19:25:47| 3756658428579 is not prime
19:25:47| 247059920811 is not prime
19:25:47| 4980164744367 is not prime
19:25:47| 8059640707297 is not prime
19:25:47| 7351240100621 is not prime
19:25:47| 4583116045911 is not prime
19:25:47| 2982432092487 is not prime
19:25:47| 6840469035787 is not prime
19:25:47| 7200956064811 is not prime
19:25:47| 5005677925993 is not prime
19:25:47| 4438442948379 is not prime
19:25:47| 7253792685169 is not prime
19:25:47| 8472997925029 is not prime
19:25:47| 5978629559043 is not prime
19:25:47| 7194812787657 is not prime
19:25:47| 6625728659569 is not prime
19:25:47| 2707614077763 is not prime
19:25:47| 1788393456113 is not prime
19:25:47| 2826705883191 is not prime
19:25:47| 3655627267501 is not prime
19:25:47| 5671420282697 is not prime
19:25:47| 3214562803311 is not prime
19:25:47| 7084420099159 is not prime
19:25:47| 8661933659977 is not prime
19:25:47| 8238869729371 is not prime
19:25:47| 7548486443041 is not prime
19:25:47| 4269724170777 is not prime
19:25:47| 3399805038909 is not prime
19:25:47| 2560454364189 is not prime
19:25:47| 889035874647 is not prime
19:25:47| 1758554496511 is prime
19:25:47| 1719104576057 is not prime
19:25:47| 755324670431 is not prime
19:25:47| 653943846207 is not prime
19:25:47| 4800159458081 is not prime
19:25:47| 1288703257391 is not prime
19:25:47| 8382981218077 is not prime
19:25:47| 1693668149391 is not prime
19:25:47| 8181799347067 is not prime
19:25:47| 1539300007209 is not prime
19:25:47| 7613201308177 is not prime
19:25:47| 4623740727027 is not prime
19:25:47| 4255562381029 is not prime
19:25:47| 4985734878973 is not prime
19:25:47| 4310058891407 is not prime
19:25:47| 913205485571 is not prime
19:25:47| 4741658028817 is not prime
19:25:47| 5718065072827 is not prime
19:25:47| 6198024587393 is not prime
19:25:47| 2443913176111 is not prime
19:25:47| 3035409415389 is not prime
19:25:47| 5831567769467 is not prime
19:25:47| 2475641030599 is not prime
19:25:47| 678052319241 is not prime
19:25:47| 2785845144817 is not prime
19:25:47| 9787045455771 is not prime
19:25:47| 6101738952337 is not prime
19:25:47| 5487531541159 is not prime
19:25:47| 2560619749363 is not prime
19:25:47| 8814287795167 is not prime
19:25:47| 8073271252161 is not prime
19:25:47| 9994501840647 is not prime
19:25:47| 8022996967307 is not prime
19:25:47| 8582737578071 is prime
19:25:47| 596742868849 is not prime
19:25:47| 7659667662061 is not prime
19:25:47| 5215204515151 is not prime
19:25:47| 1760777333209 is prime
19:25:47| 7178657382981 is not prime
19:25:47| 4279410297939 is not prime
19:25:47| 4672029911807 is not prime
19:25:47| 8813657169323 is not prime
19:25:47| 2880531983663 is prime
19:25:47| 8360681520179 is not prime
19:25:47| 9289333666033 is prime
19:25:47| 2074358961711 is not prime
19:25:47| 9503241291399 is not prime
19:25:47| 1535729000381 is not prime
19:25:47| 7758187037907 is not prime
19:25:47| 768318850273 is not prime
19:25:47| 3844389025449 is not prime
19:25:47| 1735888935317 is not prime
19:25:47| 2918597969837 is not prime
19:25:47| 9554148196217 is not prime
19:25:47| 5956988166981 is not prime
19:25:47| 5060564307431 is prime
19:25:47| 3195253806969 is not prime
19:25:47| 8626330582537 is prime
19:25:47| 4758754586969 is not prime
19:25:47| 1181642943871 is not prime
19:25:47| 4581083643891 is not prime
19:25:47| 8374538432077 is not prime
19:25:47| 8753271550591 is not prime
19:25:47| 5024121388503 is not prime
19:25:47| 7386597674869 is not prime
19:25:47| 2610253841757 is not prime
19:25:47| 9908608986347 is not prime
19:25:47| 7683529192537 is not prime
19:25:47| 9490114518257 is not prime
19:25:47| 1999624348231 is not prime
19:25:47| 1979597695151 is not prime
19:25:47| 9220786669039 is not prime
19:25:47| 5946083042297 is not prime
19:25:47| 3438390920321 is not prime
19:25:47| 9626179694177 is prime
19:25:47| 1637952931769 is not prime
19:25:47| 9633260885899 is not prime
19:25:47| 8894510478443 is not prime
19:25:47| 3936166953027 is not prime
19:25:47| 3013948445357 is not prime
19:25:47| 4512382234749 is not prime
19:25:47| 8469643025927 is not prime
19:25:47| 8844382914167 is not prime
19:25:47| 1993116939907 is prime
19:25:47| 7182159071257 is not prime
19:25:47| 1789030944337 is not prime
19:25:47| 5592028969217 is not prime
19:25:47| 5340728523633 is not prime
19:25:47| 2651286131717 is not prime
19:25:47| 9187830346553 is not prime
19:25:47| 6472293533969 is not prime
19:25:47| 1944757690023 is not prime
19:25:47| 5209977613309 is not prime
19:25:47| 1185930114507 is not prime
19:25:47| 6989278264797 is not prime
19:25:47| 4898982371567 is prime
19:25:47| 195700026521 is not prime
19:25:47| 6268417313421 is not prime
19:25:47| 5500027247379 is not prime
19:25:47| 9017599601501 is not prime
19:25:47| 3152208321479 is not prime
19:25:47| 5366782325551 is not prime
19:25:47| 4101560115627 is not prime
19:25:47| 7462441064883 is not prime
19:25:47| 5496184674647 is not prime
19:25:47| 8805487957743 is not prime
19:25:47| 7484403100391 is not prime
19:25:47| 7509988246259 is prime
19:25:47| 6146483908871 is not prime
19:25:47| 7483466222809 is not prime
19:25:47| 9515112744497 is prime
19:25:47| 5920950893937 is not prime
19:25:47| 6912443597603 is not prime
19:25:47| 377661095611 is not prime
19:25:47| 3382048413053 is not prime
19:25:47| 5040738260421 is not prime
19:25:47| 4463740753727 is not prime
19:25:47| 9089913723067 is not prime
19:25:47| 4724726369517 is not prime
19:25:47| 9661355149261 is not prime
19:25:47| 1153878531733 is not prime
19:25:47| 3061774322553 is not prime
19:25:47| 6491756496627 is not prime
19:25:47| 1810360371793 is not prime
19:25:47| 7213025678537 is not prime
19:25:47| 288039096117 is not prime
19:25:47| 7981390560683 is not prime
19:25:47| 4655718269119 is not prime
19:25:47| 3703155656371 is not prime
19:25:47| 3959541341497 is not prime
19:25:47| 5845129596173 is not prime
19:25:47| 7308232102707 is not prime
19:25:47| 3955576088837 is not prime
19:25:47| 9782399628097 is not prime
19:25:47| 3260720382987 is not prime
19:25:47| 7880403284887 is not prime
19:25:47| 9601677794557 is not prime
19:25:47| 9836112180313 is not prime
19:25:47| 6102423027429 is not prime
19:25:47| 9903163280797 is not prime
19:25:47| 2808616976811 is not prime
19:25:47| 2008164416493 is not prime
19:25:47| 3051164403821 is not prime
19:25:47| 8929150687253 is not prime
19:25:47| 7954154240103 is not prime
19:25:47| 1926488281217 is prime
19:25:47| 5297339342193 is not prime
19:25:47| 8703235034051 is not prime
19:25:47| 1168767588417 is not prime
19:25:47| 7682008707967 is not prime
19:25:47| 6268980526451 is prime
19:25:47| 739165681877 is not prime
19:25:47| 9589488473077 is not prime
19:25:47| 8167904831387 is not prime
19:25:47| 3797597339167 is not prime
19:25:47| 9172212715781 is prime
19:25:47| 3288825491067 is not prime
19:25:47| 7156143756653 is not prime
19:25:47| 838600193757 is not prime
19:25:47| 3579469298511 is not prime
19:25:47| 9610254196477 is not prime
19:25:47| 1310264437289 is prime
19:25:47| 8185592097601 is not prime
19:25:47| 2443125305081 is not prime
19:25:47| 8724308533247 is not prime
19:25:47| 1053216895507 is not prime
19:25:47| 5726084332699 is not prime
19:25:47| 8091594795367 is not prime
19:25:47| 7967057621107 is not prime
19:25:47| 2485068256137 is not prime
19:25:47| 9540363602127 is not prime
19:25:47| 7651811531453 is not prime
19:25:47| 4568173276577 is prime
19:25:47| 6564673997691 is not prime
19:25:47| 3792048084977 is not prime
19:25:47| 3308531770661 is not prime
19:25:47| 3848268300277 is not prime
19:25:47| 7829416084587 is not prime
19:25:47| 4332502747287 is not prime
19:25:47| 8481068451651 is not prime
19:25:47| 8616237299943 is not prime
19:25:47| 4720997241563 is not prime
19:25:47| 3298953239653 is not prime
19:25:47| 7175144642829 is not prime
19:25:47| 1928326484183 is not prime
19:25:47| 6480187437789 is not prime
19:25:47| 9444449501591 is not prime
19:25:47| 9622837910987 is not prime
19:25:47| 5770326369227 is not prime
19:25:47| 2291579487077 is not prime
19:25:47| 3655044929509 is prime
19:25:47| 1012537987479 is not prime
19:25:47| 5898721699427 is not prime
19:25:47| 5510989323487 is not prime
19:25:47| 2262988560537 is not prime
19:25:47| 6789941488547 is not prime
19:25:47| 2051937550669 is not prime
19:25:47| 3589782570867 is not prime
19:25:47| 5900021960811 is not prime
19:25:47| 6173853651889 is not prime
19:25:47| 3178124856677 is not prime
19:25:47| 4038376494891 is not prime
19:25:47| 8349459876881 is not prime
19:25:47| 132884364899 is not prime
19:25:47| 9881405095109 is not prime
19:25:47| 7545047900843 is not prime
19:25:47| 1408773190417 is not prime
19:25:47| 6022299868117 is not prime
19:25:47| 9648708544727 is not prime
19:25:47| 943403778027 is not prime
19:25:47| 3963082903361 is not prime
19:25:47| 9878760598103 is not prime
19:25:47| 9918497524617 is not prime
19:25:47| 5797475676981 is not prime
19:25:47| 1200231690199 is not prime
19:25:47| 1341180031193 is prime
19:25:47| 2070610154183 is prime
19:25:47| 9832037561867 is not prime
19:25:47| 3587089240769 is not prime
19:25:47| 2186906234891 is not prime
19:25:47| 725176202739 is not prime
19:25:47| 3901170246497 is not prime
19:25:47| 296021211979 is prime
19:25:47| 6608939872421 is not prime
19:25:47| 2467546260689 is not prime
19:25:47| 3558920028033 is not prime
19:25:47| 1575119937073 is not prime
19:25:47| 4205381431673 is not prime
19:25:47| 8703819242687 is not prime
19:25:47| 6688514442197 is not prime
19:25:47| 1396913100689 is not prime
19:25:47| 1677718029751 is not prime
19:25:47| 3434235004913 is not prime
19:25:47| 7624678581537 is not prime
19:25:47| 2940834143823 is not prime
19:25:47| 7326121656623 is not prime
19:25:47| 9362762075257 is not prime
19:25:47| 6416151845389 is not prime
19:25:47| 3398638893453 is not prime
19:25:47| 4317895991083 is not prime
19:25:47| 8537801600117 is not prime
19:25:47| 2086074404677 is not prime
19:25:47| 39181808241 is not prime
19:25:47| 686847418089 is not prime
19:25:47| 1112731407437 is not prime
19:25:47| 7788721622051 is prime
19:25:47| 7286581293947 is not prime
19:25:47| 1850585832907 is not prime
19:25:47| 3312316822671 is not prime
19:25:47| 423300099679 is not prime
19:25:47| 1158683463193 is not prime
19:25:47| 6298725520839 is not prime
19:25:47| 8981889199069 is not prime
19:25:47| 6697907229471 is not prime
19:25:47| 3037437213161 is not prime
19:25:47| 4286557162477 is not prime
19:25:47| 1424094488207 is prime
19:25:47| 9866364351041 is not prime
19:25:47| 7277330322427 is not prime
19:25:47| 1514176690733 is not prime
19:25:47| 5774218834989 is not prime
19:25:47| 2405646706393 is not prime
19:25:47| 4506035312983 is not prime
19:25:47| 2238404022039 is not prime
19:25:47| 1134772219207 is not prime
19:25:47| 2343799609897 is not prime
19:25:47| 522906476519 is not prime
19:25:47| 856802889827 is prime
19:25:47| 3241970829999 is not prime
19:25:47| 2554207748247 is not prime
19:25:47| 4003522852747 is not prime
19:25:47| 8829012736949 is not prime
19:25:47| 4891599406453 is not prime
19:25:47| 9170252523499 is not prime
19:25:47| 6456012794567 is not prime
19:25:47| 1676712715831 is not prime
19:25:47| 3416480402187 is not prime
19:25:47| 2578612035259 is not prime
19:25:47| 5077902646927 is not prime
19:25:47| 7148071409329 is not prime
19:25:47| 3175648799443 is not prime
19:25:47| 2997050350411 is not prime
19:25:47| 5312673878797 is not prime
19:25:47| 6692739720957 is not prime
19:25:47| 4835243883897 is not prime
19:25:47| 8368159310459 is not prime
19:25:47| 1734702040489 is not prime
19:25:47| 6507694317931 is prime
19:25:47| 5202117911427 is not prime
19:25:47| 2342554756067 is not prime
19:25:47| 9381166860479 is not prime
19:25:47| 3968176630767 is not prime
19:25:47| 8426352036709 is not prime
19:25:47| 3709283583823 is not prime
19:25:47| 8436523309811 is not prime
19:25:47| 626854010257 is not prime
19:25:47| 2653888302993 is not prime
19:25:47| 658341269779 is prime
19:25:47| 3032382080991 is not prime
19:25:47| 1313011838667 is not prime
19:25:47| 9938300937079 is not prime
19:25:47| 1792502691133 is not prime
19:25:47| 4818456131867 is not prime
19:25:47| 4091509687361 is not prime
19:25:47| 1509697909627 is not prime
19:25:47| 5716740656377 is not prime
19:25:47| 4162045539811 is not prime
19:25:47| 8552110232289 is not prime
19:25:47| 8587815691657 is not prime
19:25:47| 5781004054333 is not prime
19:25:47| 4234099076703 is not prime
19:25:47| 4352428794347 is not prime
19:25:47| 4191955910517 is not prime
19:25:47| 8530789931887 is not prime
19:25:47| 5851234928053 is not prime
19:25:47| 3541841462137 is not prime
19:25:47| 4935311109233 is not prime
19:25:47| 2184898256527 is not prime
19:25:47| 8380313313467 is not prime
19:25:47| 4332867846461 is not prime
19:25:47| 3604382321513 is prime
19:25:47| 8751052213219 is not prime
19:25:47| 8323806647819 is not prime
19:25:47| 8793360191307 is not prime
19:25:47| 3177245368097 is prime
19:25:47| 246011296919 is not prime
19:25:47| 3807825848959 is not prime
19:25:47| 9768658788897 is not prime
19:25:47| 296822059519 is not prime
19:25:47| 2015465931021 is not prime
19:25:47| 667389107637 is not prime
19:25:47| 7843912042873 is not prime
19:25:47| 3977409334989 is not prime
19:25:47| 5516243776307 is not prime
19:25:47| 5009179739703 is not prime
19:25:47| 2954368592367 is not prime
19:25:47| 6924714468963 is not prime
19:25:47| 3061036900997 is prime
19:25:47| 4969227326549 is not prime
19:25:47| 6266795341823 is not prime
19:25:47| 403636773611 is not prime
19:25:47| 4376383953367 is not prime
19:25:47| 6249730258267 is prime
19:25:47| 6014595155211 is not prime
19:25:47| 5218624262379 is not prime
19:25:47| 2057005102981 is not prime
19:25:47| 4470731516759 is not prime
19:25:47| 2961028369451 is not prime
19:25:47| 4861791539227 is not prime
19:25:47| 3504251560141 is not prime
19:25:47| 7306497582377 is not prime
19:25:47| 3209612562449 is not prime
19:25:47| 4300288957013 is not prime
19:25:47| 3078606727717 is not prime
19:25:47| 3284776766221 is not prime
19:25:47| 4716347832219 is not prime
19:25:47| 7075395350217 is not prime
19:25:47| 8667295546423 is not prime
19:25:47| 7235436726857 is not prime
19:25:47| 4758857303557 is not prime
19:25:47| 9005965248963 is not prime
19:25:47| 4689248014551 is not prime
19:25:47| 3715196295627 is not prime
19:25:47| 2475289593391 is not prime
19:25:47| 4134685888721 is not prime
19:25:47| 2380879442477 is not prime
19:25:47| 1776410507043 is not prime
19:25:47| 8428240794817 is not prime
19:25:47| 7606826795823 is not prime
19:25:47| 4242337210553 is not prime
19:25:47| 6133451064311 is prime
19:25:47| 8791606100281 is prime
19:25:47| 6250392117851 is not prime
19:25:47| 7072024876997 is not prime
19:25:47| 5165681125731 is not prime
19:25:47| 3674767332553 is prime
19:25:47| 5306265978513 is not prime
19:25:47| 9793834886927 is not prime
19:25:47| 8121426778763 is not prime
19:25:47| 9638386108193 is not prime
19:25:47| 5830237782769 is not prime
19:25:47| 2363744560307 is not prime
19:25:47| 6800139034951 is prime
19:25:47| 2110553921973 is not prime
19:25:47| 3973230691267 is not prime
19:25:47| 5210667579981 is not prime
19:25:47| 9033689868297 is not prime
19:25:47| 248738076337 is not prime
19:25:47| 3073272642427 is not prime
19:25:47| 2952680553467 is not prime
19:25:47| 9901772280011 is not prime
19:25:47| 6500457431493 is not prime
19:25:47| 8011912593889 is not prime
19:25:47| 5914198014539 is not prime
19:25:47| 488836354973 is not prime
19:25:47| 3065710974923 is not prime
19:25:47| 1498536703599 is not prime
19:25:47| 6932509704327 is not prime
19:25:47| 1428140580941 is not prime
19:25:47| 5804462936937 is not prime
19:25:47| 5538624335313 is not prime
19:25:47| 1440643322323 is prime
19:25:47| 1102535027817 is not prime
19:25:47| 4530845822899 is not prime
19:25:47| 8796788227913 is not prime
19:25:47| 9581424966651 is not prime
19:25:47| 2872546990489 is not prime
19:25:47| 3295869653749 is prime
19:25:47| 8700835038397 is not prime
19:25:47| 2549688745107 is not prime
19:25:47| 4944133826213 is not prime
19:25:47| 7278209398733 is not prime
19:25:47| 5272308086229 is not prime
19:25:47| 3299972946149 is not prime
19:25:47| 6232381769313 is not prime
19:25:47| 554619013171 is not prime
19:25:47| 5520096290157 is not prime
19:25:47| 8561828314639 is not prime
19:25:47| 6325814789217 is not prime
19:25:47| 2234830901587 is prime
19:25:47| 3080557532787 is not prime
19:25:47| 1816322581647 is not prime
19:25:47| 4879964030617 is not prime
19:25:47| 3986484630587 is not prime
19:25:47| 4945343678087 is not prime
19:25:47| 9784792924911 is not prime
19:25:47| 8049360486669 is not prime
19:25:47| 8125253476821 is not prime
19:25:47| 6528203529859 is not prime
19:25:47| 8786957939091 is not prime
19:25:47| 7595186219407 is not prime
19:25:47| 8322751590729 is not prime
19:25:47| 5194196610731 is not prime
19:25:47| 1883786709797 is not prime
19:25:47| 5068798584603 is not prime
19:25:47| 6678439247647 is not prime
19:25:47| 4346941795249 is not prime
19:25:47| 3601895374023 is not prime
19:25:47| 7091918004399 is not prime
19:25:47| 7669029220373 is not prime
19:25:47| 9536214253217 is not prime
19:25:47| 9846126934157 is not prime
19:25:47| 1992073974607 is prime
19:25:47| 7633168263217 is not prime
19:25:47| 5424349010487 is not prime
19:25:47| 9551130804129 is not prime
19:25:47| 5021413316997 is not prime
19:25:47| 3732597470871 is not prime
19:25:47| 2578104699657 is not prime
19:25:47| 6611686535411 is not prime
19:25:47| 7696934657877 is not prime
19:25:47| 4711114294299 is not prime
19:25:47| 7773431473527 is not prime
19:25:47| 8455136559731 is not prime
19:25:47| 2569965182203 is not prime
19:25:47| 915388479949 is not prime
19:25:47| 348203783167 is not prime
19:25:47| 1900624637407 is not prime
19:25:47| 4286646007747 is prime
19:25:47| 6929557640563 is not prime
19:25:47| 9565907381999 is prime
19:25:47| 2726247097007 is not prime
19:25:47| 9674981371687 is not prime
19:25:47| 5775228054951 is not prime
19:25:47| 5747733159519 is not prime
19:25:47| 1802500727309 is not prime
19:25:47| 6187488671489 is not prime
19:25:47| 5048120917927 is not prime
19:25:47| 4060436280027 is not prime
19:25:47| 2221227006079 is not prime
19:25:47| 6337122750099 is not prime
19:25:47| 499202941719 is not prime
19:25:47| 4819677146671 is not prime
19:25:47| 8118379670733 is not prime
19:25:47| 8310678901423 is not prime
19:25:47| 9981034202927 is not prime
19:25:47| 1762825477759 is prime
19:25:47| 9023247486493 is not prime
19:25:47| 2618282453409 is not prime
19:25:47| 7477834375973 is not prime
19:25:47| 638980232719 is not prime
19:25:47| 5037208373797 is not prime
19:25:47| 4934168277243 is not prime
19:25:47| 331533254481 is not prime
19:25:47| 6510003281969 is not prime
19:25:47| 4578907393687 is not prime
19:25:47| 3386498755581 is not prime
19:25:47| 3159315781603 is not prime
19:25:47| 517621695379 is prime
19:25:47| 6725381130477 is not prime
19:25:47| 4320223529203 is not prime
19:25:47| 7002388533389 is not prime
19:25:47| 6215704239547 is not prime
19:25:47| 237710252893 is prime
19:25:47| 6622523731643 is not prime
19:25:47| 608850039293 is not prime
19:25:47| 9309800102289 is not prime
19:25:47| 629240195193 is not prime
19:25:47| 4479786784013 is not prime
19:25:47| 2220939139813 is not prime
19:25:47| 9173156255207 is not prime
19:25:47| 7306993941271 is not prime
19:25:47| 5185780942951 is not prime
19:25:47| 3973477448257 is not prime
19:25:47| 1755736767997 is not prime
19:25:47| 8537551512229 is not prime
19:25:47| 893406878667 is not prime
19:25:47| 6159833204773 is not prime
19:25:47| 6906770139941 is not prime
19:25:47| 6399946152027 is not prime
19:25:47| 6487647780003 is not prime
19:25:47| 21599447967 is not prime
19:25:47| 6595779478603 is not prime
19:25:47| 5355279080809 is not prime
19:25:47| 5954087581283 is not prime
19:25:47| 1775636114871 is not prime
19:25:47| 7235419947817 is not prime
19:25:47| 9867321659583 is not prime
19:25:47| 5723910791097 is not prime
19:25:47| 3334784315287 is not prime
19:25:47| 6659519800069 is not prime
19:25:47| 4083810342869 is not prime
19:25:47| 362636713147 is not prime
19:25:47| 3836574068061 is not prime
19:25:47| 1619333084629 is not prime
19:25:47| 3100382033061 is not prime
19:25:47| 8254376728013 is not prime
19:25:47| 2520301555129 is prime
19:25:47| 6961498928759 is not prime
19:25:47| 8055118690209 is not prime
19:25:47| 4799228766661 is not prime
19:25:47| 8052438422787 is not prime
19:25:47| 1020826894189 is not prime
19:25:47| 9894586072301 is not prime
19:25:47| 8560891600529 is not prime
19:25:47| 9330501628051 is not prime
19:25:47| 1886704130399 is not prime
19:25:47| 1925985509961 is not prime
19:25:47| 9199774802367 is not prime
19:25:47| 8063721344649 is not prime
19:25:47| 4603279209909 is not prime
19:25:47| 6970268968927 is not prime
19:25:47| 2746051347983 is prime
19:25:47| 874803390767 is not prime
19:25:47| 9827132071619 is not prime
19:25:47| 6367918092079 is not prime
19:25:47| 3508750352909 is not prime
19:25:47| 7032352230787 is not prime
19:25:47| 8709420509519 is prime
19:25:47| 3405053323049 is not prime
19:25:47| 556014239207 is not prime
19:25:47| 8368398023467 is not prime
19:25:47| 5713257986817 is not prime
19:25:47| 8010977685569 is not prime
19:25:47| 4915120774677 is not prime
19:25:47| 5652534703959 is not prime
19:25:47| 6068776329593 is not prime
19:25:47| 7989480649441 is not prime
19:25:47| 64949807177 is not prime
19:25:47| 3467563827847 is not prime
19:25:47| 5696536983877 is not prime
19:25:47| 829482294613 is not prime
19:25:47| 2024347677741 is not prime
19:25:47| 3897309994297 is prime
19:25:47| 884544850963 is not prime
19:25:47| 4051531172557 is not prime
19:25:47| 928859924887 is not prime
19:25:47| 425660129037 is not prime
19:25:47| 4161325986971 is not prime
19:25:47| 7528552646197 is not prime
19:25:47| 8750979509569 is not prime
19:25:47| 4561499404081 is not prime
19:25:47| 2797389363791 is not prime
19:25:47| 2391761100489 is not prime
19:25:47| 941725877211 is not prime
19:25:47| 4799936339743 is prime
19:25:47| 7184803297531 is not prime
19:25:47| 8211743882227 is not prime
19:25:47| 6352449473297 is not prime
19:25:47| 1119823380251 is not prime
19:25:47| 5127658221977 is not prime
19:25:47| 1668793764837 is not prime
19:25:47| 4673409026537 is prime
19:25:47| 9175808252811 is not prime
19:25:47| 6388558583437 is not prime
19:25:47| 4308393210647 is not prime
19:25:47| 5628050087169 is not prime
19:25:47| 6236766814037 is not prime
19:25:47| 5954466652593 is not prime
19:25:47| 6446913588919 is not prime
19:25:47| 8965423712343 is not prime
19:25:47| 8251618913801 is not prime
19:25:47| 3823181259627 is not prime
19:25:47| 9243372359629 is not prime
19:25:47| 4128309965423 is not prime
19:25:47| 3766247889021 is not prime
19:25:47| 4940239734657 is not prime
19:25:47| 78557786449 is not prime
19:25:47| 3519172921151 is not prime
19:25:47| 1307505972043 is not prime
19:25:47| 6278886698069 is not prime
19:25:47| 1129501962713 is prime
19:25:47| 62805538727 is not prime
19:25:47| 1883947522037 is not prime
19:25:47| 1942507325531 is prime
19:25:47| 8057033675783 is not prime
19:25:47| 3868394531703 is not prime
19:25:47| 9288011485337 is not prime
19:25:47| 8200508244673 is prime
19:25:47| 5823493257563 is not prime
19:25:47| 1571217300137 is not prime
19:25:47| 7528786055151 is not prime
19:25:47| 7129937428741 is not prime
19:25:47| 3911333098553 is not prime
19:25:47| 9981083171341 is not prime
19:25:47| 8655108464717 is not prime
19:25:47| 7052910651577 is not prime
19:25:47| 6870434444019 is not prime
19:25:47| 6127076866231 is prime
19:25:47| 6898574940557 is not prime
19:25:47| 1007783075469 is not prime
19:25:47| 3720182635369 is not prime
19:25:47| 5623938381821 is not prime
19:25:47| 6832473767403 is not prime
19:25:47| 2194877808917 is not prime
19:25:47| 6284742465423 is not prime
19:25:47| 1180375199057 is not prime
19:25:47| 5375543397989 is not prime
19:25:47| 6369502328657 is not prime
19:25:47| 8945081038027 is not prime
19:25:47| 9876895785293 is prime
19:25:47| 5498000256351 is not prime
19:25:47| 1459137059653 is not prime
19:25:47| 9764318896763 is not prime
19:25:47| 5568183716641 is not prime
19:25:47| 9552768062467 is not prime
19:25:47| 2024597786287 is not prime
19:25:47| 9385546455623 is not prime
19:25:47| 2613284540363 is not prime
19:25:47| 2193474998907 is not prime
19:25:47| 3358059074591 is not prime
19:25:47| 7179416144767 is not prime
19:25:47| 3837107329081 is not prime
19:25:47| 6578126594431 is not prime
19:25:47| 7283075714987 is not prime
19:25:47| 5476413211541 is not prime
19:25:47| 6266776110483 is not prime
19:25:47| 6621300089067 is not prime
19:25:47| 6189951769603 is not prime
19:25:47| 7256122625637 is not prime
19:25:47| 7166909321439 is not prime
19:25:47| 2874718442613 is not prime
19:25:47| 724105743199 is not prime
19:25:47| 6296568024907 is not prime
19:25:47| 9249025030653 is not prime
19:25:47| 2637944501237 is not prime
19:25:47| 5630204297273 is not prime
19:25:47| 4245486171687 is not prime
19:25:47| 8660466005287 is not prime
19:25:47| 7448345583429 is not prime
19:25:47| 3826019121297 is not prime
19:25:47| 3902850573329 is not prime
19:25:47| 991345657557 is not prime
19:25:47| 2891133305327 is not prime
19:25:47| 6336071781689 is not prime
19:25:47| 3960080497597 is not prime
19:25:47| 311870927513 is not prime
19:25:47| 8246316981641 is not prime
19:25:47| 3043773794047 is not prime
19:25:47| 3007324422147 is not prime
19:25:47| 565618055321 is not prime
19:25:47| 3175485231829 is not prime
19:25:47| 8080700359437 is not prime
19:25:47| 5506511401257 is not prime
19:25:47| 9401242767731 is not prime
19:25:47| 9837952865231 is not prime
19:25:47| 9055871666069 is not prime
19:25:47| 1481608646517 is not prime
19:25:47| 632469943037 is not prime
19:25:47| 9175571987707 is not prime
19:25:47| 8359195762057 is not prime
19:25:47| 6644632871417 is not prime
19:25:47| 4519204304597 is not prime
19:25:47| 7545079107971 is not prime
19:25:47| 6673177505029 is not prime
19:25:47| 624957237457 is not prime
19:25:47| 3400763058727 is prime
19:25:47| 5830397135259 is not prime
19:25:47| 6037088421043 is not prime
19:25:47| 6086561198981 is prime
19:25:47| 1025155323657 is not prime
19:25:47| 1833293134393 is not prime
19:25:47| 8769404431647 is not prime
19:25:47| 7081147882053 is not prime
19:25:47| 3114906684043 is not prime
19:25:47| 2097928145347 is not prime
19:25:47| 4032861519647 is not prime
19:25:47| 7988602551509 is not prime
19:25:47| 441568301737 is not prime
19:25:47| 511073399733 is not prime
19:25:47| 9745930707917 is prime
19:25:47| 8663496942191 is not prime
19:25:47| 1284119842863 is not prime
19:25:47| 2626484894379 is not prime
19:25:47| 190382611411 is prime
19:25:47| 7063501114079 is not prime
19:25:47| 7214117213047 is not prime
19:25:47| 9206820627807 is not prime
19:25:47| 6810290812777 is not prime
19:25:47| 4781796653157 is not prime
19:25:47| 3510879205789 is not prime
19:25:47| 8830797743697 is not prime
19:25:47| 9312453612767 is not prime
19:25:47| 8864101290253 is not prime
19:25:47| 8552576380977 is not prime
19:25:47| 3529623415187 is not prime
19:25:47| 8251028429253 is not prime
19:25:47| 2006751973687 is not prime
19:25:47| 1208394438941 is not prime
19:25:47| 6383054999167 is not prime
19:25:47| 7410564300347 is not prime
19:25:47| 5712411467477 is not prime
19:25:47| 4039227820361 is not prime
19:25:47| 2087804567199 is not prime
19:25:47| 4603198368697 is prime
19:25:47| 6847127094657 is not prime
19:25:47| 3116298594147 is not prime
19:25:47| 4852808491709 is not prime
19:25:47| 6230354427789 is not prime
19:25:47| 8817355416063 is not prime
19:25:47| 1200410559171 is not prime
19:25:47| 5971909599531 is not prime
19:25:47| 9965433688707 is not prime
19:25:47| 1118790593537 is prime
19:25:47| 4636951635027 is not prime
19:25:47| 8169684238917 is not prime
19:25:47| 6931215995979 is not prime
19:25:47| 123767625287 is prime
19:25:47| 6229087392843 is not prime
19:25:47| 4566701755237 is not prime
19:25:47| 7443195534177 is not prime
19:25:47| 6395290004877 is not prime
19:25:47| 605240618773 is not prime
19:25:47| 7265812568137 is not prime
19:25:47| 3718832334929 is not prime
19:25:47| 3806859224949 is not prime
19:25:47| 795488974547 is not prime
19:25:47| 4593304240723 is not prime
19:25:47| 8653280438423 is not prime
19:25:47| 8380990853759 is prime
19:25:47| 8309436313467 is not prime
19:25:47| 3970208214827 is not prime
19:25:47| 9154477747767 is not prime
19:25:47| 2586099583591 is prime
19:25:47| 8698095441031 is not prime
19:25:47| 210723602249 is not prime
19:25:47| 5735425066609 is not prime
19:25:47| 1095151209111 is not prime
19:25:47| 4022587655603 is not prime
19:25:47| 5345471040987 is not prime
19:25:47| 5968224811317 is not prime
19:25:47| 1245648061201 is not prime
19:25:47| 311643128821 is not prime
19:25:47| 5092393620967 is not prime
19:25:47| 3900120284629 is not prime
19:25:47| 8213630628187 is not prime
19:25:47| 759356028107 is not prime
19:25:47| 5509891473749 is not prime
19:25:47| 9579346997161 is not prime
19:25:47| 8240364401979 is not prime
19:25:47| 1196271240961 is not prime
19:25:47| 3897694052849 is not prime
19:25:47| 858426758263 is not prime
19:25:47| 23564597737 is not prime
19:25:47| 2277515005217 is not prime
19:25:47| 4016387713377 is not prime
19:25:47| 713098448817 is not prime
19:25:47| 4651112856711 is not prime
19:25:47| 5288342136097 is prime
19:25:47| 2572951783869 is not prime
19:25:47| 2609057773149 is not prime
19:25:47| 6144011745827 is not prime
19:25:47| 9191119320989 is not prime
19:25:47| 1791915818757 is not prime
19:25:47| 4324535055201 is not prime
19:25:47| 797931577947 is not prime
19:25:47| 9701468974669 is not prime
19:25:47| 8682786380327 is not prime
19:25:47| 4501333175617 is not prime
19:25:47| 4016079590659 is not prime
19:25:47| 1764916279829 is not prime
19:25:47| 52534038597 is not prime
19:25:47| 4191342044353 is not prime
19:25:47| 7280830866499 is not prime
19:25:47| 6746809354461 is not prime
19:25:47| 5296963889567 is not prime
19:25:47| 9045731524189 is not prime
19:25:47| 6523031074687 is prime
19:25:47| 4571527665359 is not prime
19:25:47| 4439863800633 is not prime
19:25:47| 9340448219669 is not prime
19:25:47| 2625033714047 is not prime
19:25:47| 5568823751773 is not prime
19:25:47| 2739182527479 is not prime
19:25:47| 7453531411741 is not prime
19:25:47| 7992046059679 is not prime
19:25:47| 5395199603989 is not prime
19:25:47| 1947447813443 is not prime
19:25:47| 4424595059773 is not prime
19:25:47| 1813985659627 is not prime
19:25:47| 4330465504357 is not prime
19:25:47| 4293995033933 is not prime
19:25:47| 9591597733163 is not prime
19:25:47| 1706267863659 is not prime
19:25:47| 9212897708319 is not prime
19:25:47| 1607868966287 is not prime
19:25:47| 5869555971719 is not prime
19:25:47| 3307158598099 is not prime
19:25:47| 7475947900003 is not prime
19:25:47| 216468407929 is not prime
19:25:47| 5154723850057 is not prime
19:25:47| 7632677817269 is not prime
19:25:47| 9109403028367 is prime
19:25:47| 2828110815811 is not prime
19:25:47| 6695221460163 is not prime
19:25:47| 1013869659013 is prime
19:25:47| 3571582952987 is not prime
19:25:47| 2430773233727 is not prime
19:25:47| 1568532404987 is not prime
19:25:47| 4655140310743 is not prime
19:25:47| 617451724371 is not prime
19:25:47| 6215484518037 is not prime
19:25:47| 2068928230243 is not prime
19:25:47| 2566918547151 is not prime
19:25:47| 7423017764619 is not prime
19:25:47| 7594974394571 is not prime
19:25:47| 3156923153181 is not prime
19:25:47| 2909513256047 is not prime
19:25:47| 7543564272417 is not prime
19:25:47| 3027254002277 is not prime
19:25:47| 1083495356341 is prime
19:25:47| 9325368717219 is not prime
19:25:47| 4352280330109 is not prime
19:25:47| 8612674126079 is prime
19:25:47| 5330221947001 is not prime
19:25:47| 5129496464549 is not prime
19:25:47| 8370006418403 is not prime
19:25:47| 9115132114537 is not prime
19:25:47| 5166049156259 is not prime
19:25:47| 5426650259027 is not prime
19:25:47| 8266296161727 is not prime
19:25:47| 1255142204299 is not prime
19:25:47| 4766293366857 is not prime
19:25:47| 6101803871847 is not prime
19:25:47| 3933302386669 is not prime
19:25:47| 8717918010503 is not prime
19:25:47| 8959592601899 is not prime
19:25:47| 6748509479199 is not prime
19:25:47| 1970289383397 is not prime
19:25:47| 3734856696677 is not prime
19:25:47| 1387452611219 is prime
19:25:47| 1179521514623 is not prime
19:25:47| 2366482589137 is not prime
19:25:47| 1077961429307 is not prime
19:25:47| 5949203681423 is not prime
19:25:47| 1669552021511 is not prime
19:25:47| 6269037023391 is not prime
19:25:47| 9655705509951 is not prime
19:25:47| 7212435273703 is not prime
19:25:47| 1001583248531 is not prime
19:25:47| 4792763177331 is not prime
19:25:47| 8229301449279 is not prime
19:25:47| 5881072294897 is not prime
19:25:47| 8151213305637 is not prime
19:25:47| 5303371865007 is not prime
19:25:47| 7037533023047 is not prime
19:25:47| 9516721724587 is not prime
19:25:47| 9575224454147 is not prime
19:25:47| 5945562040911 is not prime
19:25:47| 8809301998711 is prime
19:25:47| 9828893566719 is not prime
19:25:47| 8191671936697 is not prime
19:25:47| 4184787941397 is not prime
19:25:47| 5058119249787 is not prime
19:25:47| 6708178190477 is not prime
19:25:47| 4426592748423 is not prime
19:25:47| 373519412533 is not prime
19:25:47| 2019243249691 is not prime
19:25:47| 5938832661621 is not prime
19:25:47| 1147678098321 is not prime
19:25:47| 3084787788917 is not prime
19:25:47| 938971114487 is not prime
19:25:47| 4801899651597 is not prime
19:25:47| 9165336741137 is not prime
19:25:47| 1788110367851 is not prime
19:25:47| 2408739985817 is not prime
19:25:47| 930953170419 is not prime
19:25:47| 1816607741723 is not prime
19:25:47| 7711113397183 is not prime
19:25:47| 313011666247 is not prime
19:25:47| 2095803433657 is not prime
19:25:47| 4036408419389 is not prime
19:25:47| 999583455891 is not prime
19:25:47| 2158051107591 is not prime
19:25:47| 1516848772219 is not prime
19:25:47| 2966602513497 is not prime
19:25:47| 1511070316987 is not prime
19:25:47| 5237950705007 is not prime
19:25:47| 5583016158293 is not prime
19:25:47| 6188288594833 is not prime
19:25:47| 2355635768883 is not prime
19:25:47| 5955906190157 is not prime
19:25:47| 6929020627201 is not prime
19:25:47| 1988569562257 is not prime
19:25:47| 2229116005983 is not prime
19:25:47| 2673350778199 is not prime
19:25:47| 9764128179897 is not prime
19:25:47| 7126184325413 is not prime
19:25:47| 5878783867439 is not prime
19:25:47| 3412250850177 is not prime
19:25:47| 4910583788387 is prime
19:25:47| 5320459047473 is not prime
19:25:47| 5891072034677 is not prime
19:25:47| 7067175012147 is not prime
19:25:47| 8260558994327 is not prime
19:25:47| 458330730667 is not prime
19:25:47| 5566105238967 is not prime
19:25:47| 2614985271467 is not prime
19:25:47| 5720260241953 is prime
19:25:47| 7590351600167 is not prime
19:25:47| 7480177046973 is not prime
19:25:47| 4332461948157 is not prime
19:25:47| 9067517499329 is not prime
19:25:47| 4861555168947 is not prime
19:25:47| 2290668415269 is not prime
19:25:47| 8598825388059 is not prime
19:25:47| 3200747170387 is not prime
19:25:47| 2031093830217 is not prime
19:25:47| 909727605077 is not prime
19:25:47| 6950910013413 is not prime
19:25:47| 5192665369747 is not prime
19:25:47| 4894463827357 is not prime
19:25:47| 535314018067 is prime
19:25:47| 9918848721941 is not prime
19:25:47| 6565216560243 is not prime
19:25:47| 1208367267687 is not prime
19:25:47| 7228841243163 is not prime
19:25:47| 4079951612891 is not prime
19:25:47| 4198851423089 is prime
19:25:47| 644823500317 is not prime
19:25:47| 6117430136447 is not prime
19:25:47| 2941960207881 is not prime
19:25:47| 7858820200647 is not prime
19:25:47| 3154070748553 is not prime
19:25:47| 9504709583697 is not prime
19:25:47| 6170386662329 is not prime
19:25:47| 7332685068303 is not prime
19:25:47| 7119738288663 is not prime
19:25:47| 1502536531531 is not prime
19:25:47| 2337935768117 is not prime
19:25:47| 208402091821 is not prime
19:25:47| 1779228688311 is not prime
19:25:47| 9707448691149 is not prime
19:25:47| 6432048369757 is not prime
19:25:47| 5616334299557 is not prime
19:25:47| 5743282108059 is not prime
19:25:47| 8965687068109 is prime
19:25:47|  
19:25:47| --------------------------------------------------------------------------------
19:25:47| Words: 1000
19:25:47| None
19:25:47| None
19:25:47| None
19:25:47| None
19:25:47| None
19:25:47| None
19:25:47| None
19:25:47| None
19:25:47| None
19:25:47| None
19:25:47| None
19:25:47| None
19:25:47| None
19:25:47| None
19:25:47| None
19:25:47| None
19:25:47| None
19:25:47| None
19:25:47| None
19:25:47| None
19:25:47| None
19:25:47| None
19:25:47| None
19:25:47| None
19:25:47| None
19:25:47| None
19:25:47| None
19:25:47| None
19:25:47| None
19:25:47| None
19:25:47| None
19:25:47| None
19:25:47| None
19:25:47| None
19:25:47| None
19:25:47| None
19:25:47| None
19:25:47| None
19:25:47| None
19:25:47| None
19:25:47| None
19:25:47| None
19:25:47| None
19:25:47| None
19:25:47| None
19:25:47| None
19:25:47| None
19:25:47| None
19:25:47| None
19:25:47| None
19:25:47| None
19:25:47| None
19:25:47| None
19:25:47| None
19:25:47| None
19:25:47| None
19:25:47| None
19:25:47| None
19:25:47| None
19:25:47| None
19:25:47| None
19:25:47| None
19:25:47| None
19:25:47| None
19:25:47| None
19:25:47| None
19:25:47| None
19:25:47| None
19:25:47| None
19:25:47| None
19:25:47| None
19:25:47| None
19:25:47| None
19:25:47| None
19:25:47| None
19:25:47| None
19:25:47| None
19:25:47| None
19:25:47| None
19:25:47| None
19:25:47| None
19:25:47| None
19:25:47| None
19:25:47| None
19:25:47| None
19:25:47| None
19:25:47| None
19:25:47| None
19:25:47| None
19:25:47| None
19:25:47| None
19:25:47| None
19:25:47| None
19:25:47| None
19:25:47| None
19:25:47| None
19:25:47| None
19:25:47| None
19:25:47| None
19:25:47| None
19:25:47| None
19:25:47| None
19:25:47| None
19:25:47| None
19:25:47| None
19:25:47| None
19:25:47| None
19:25:47| None
19:25:47| None
19:25:47| None
19:25:47| None
19:25:47| None
19:25:47| None
19:25:47| None
19:25:47| None
19:25:47| None
19:25:47| None
19:25:47| None
19:25:47| None
19:25:47| None
19:25:47| None
19:25:47| None
19:25:47| None
19:25:47| None
19:25:47| None
19:25:47| None
19:25:47| None
19:25:47| None
19:25:47| None
19:25:47| None
19:25:47| None
19:25:47| None
19:25:47| None
19:25:47| None
19:25:47| None
19:25:47| None
19:25:47| None
19:25:47| None
19:25:47| None
19:25:47| None
19:25:47| None
19:25:47| None
19:25:47| None
19:25:47| None
19:25:47| None
19:25:47| None
19:25:47| None
19:25:47| None
19:25:47| None
19:25:47| None
19:25:47| None
19:25:47| None
19:25:47| None
19:25:47| None
19:25:47| None
19:25:47| None
19:25:47| None
19:25:47| None
19:25:47| None
19:25:47| None
19:25:47| None
19:25:47| None
19:25:47| None
19:25:47| None
19:25:47| None
19:25:47| None
19:25:47| None
19:25:47| None
19:25:47| None
19:25:47| None
19:25:47| None
19:25:47| None
19:25:47| None
19:25:47| None
19:25:47| None
19:25:47| None
19:25:47| None
19:25:47| None
19:25:47| None
19:25:47| None
19:25:47| None
19:25:47| None
19:25:47| None
19:25:47| None
19:25:47| None
19:25:47| None
19:25:47| None
19:25:47| None
19:25:47| None
19:25:47| None
19:25:47| None
19:25:47| None
19:25:47| None
19:25:47| None
19:25:47| None
19:25:47| None
19:25:47| None
19:25:47| None
19:25:47| None
19:25:47| None
19:25:47| None
19:25:47| None
19:25:47| None
19:25:47| None
19:25:47| None
19:25:47| None
19:25:47| None
19:25:47| None
19:25:47| None
19:25:47| None
19:25:47| None
19:25:47| None
19:25:47| None
19:25:47| None
19:25:47| None
19:25:47| None
19:25:47| None
19:25:47| None
19:25:47| None
19:25:47| None
19:25:47| None
19:25:47| None
19:25:47| None
19:25:47| None
19:25:47| None
19:25:47| None
19:25:47| None
19:25:47| None
19:25:47| None
19:25:47| None
19:25:47| None
19:25:47| None
19:25:47| None
19:25:47| None
19:25:47| None
19:25:47| None
19:25:47| None
19:25:47| None
19:25:47| None
19:25:47| None
19:25:47| None
19:25:47| None
19:25:47| None
19:25:47| None
19:25:47| None
19:25:47| None
19:25:47| None
19:25:47| None
19:25:47| None
19:25:47| None
19:25:47| None
19:25:47| None
19:25:47| None
19:25:47| None
19:25:47| None
19:25:47| None
19:25:47| None
19:25:47| None
19:25:47| None
19:25:47| None
19:25:47| None
19:25:47| None
19:25:47| None
19:25:47| None
19:25:47| None
19:25:47| None
19:25:47| None
19:25:47| None
19:25:47| None
19:25:47| None
19:25:47| None
19:25:47| None
19:25:47| None
19:25:47| None
19:25:47| None
19:25:47| None
19:25:47| None
19:25:47| None
19:25:47| None
19:25:47| None
19:25:47| None
19:25:47| None
19:25:47| None
19:25:47| None
19:25:47| None
19:25:47| None
19:25:47| None
19:25:47| None
19:25:47| None
19:25:47| None
19:25:47| None
19:25:47| None
19:25:47| None
19:25:47| None
19:25:47| None
19:25:47| None
19:25:47| None
19:25:47| None
19:25:47| None
19:25:47| None
19:25:47| None
19:25:47| None
19:25:47| None
19:25:47| None
19:25:47| None
19:25:47| None
19:25:47| None
19:25:47| None
19:25:47| None
19:25:47| None
19:25:47| None
19:25:47| None
19:25:47| None
19:25:47| None
19:25:47| None
19:25:47| None
19:25:47| None
19:25:47| None
19:25:47| None
19:25:47| None
19:25:47| None
19:25:47| None
19:25:47| None
19:25:47| None
19:25:47| None
19:25:47| None
19:25:47| None
19:25:47| None
19:25:47| None
19:25:47| None
19:25:48| None
19:25:48| None
19:25:48| None
19:25:48| None
19:25:48| None
19:25:48| None
19:25:48| None
19:25:48| None
19:25:48| None
19:25:48| None
19:25:48| None
19:25:48| None
19:25:48| None
19:25:48| None
19:25:48| None
19:25:48| None
19:25:48| None
19:25:48| None
19:25:48| None
19:25:48| None
19:25:48| None
19:25:48| None
19:25:48| None
19:25:48| None
19:25:48| None
19:25:48| None
19:25:48| None
19:25:48| None
19:25:48| None
19:25:48| None
19:25:48| None
19:25:48| None
19:25:48| None
19:25:48| None
19:25:48| None
19:25:48| None
19:25:48| None
19:25:48| None
19:25:48| None
19:25:48| None
19:25:48| None
19:25:48| None
19:25:48| None
19:25:48| None
19:25:48| None
19:25:48| None
19:25:48| None
19:25:48| None
19:25:48| None
19:25:48| None
19:25:48| None
19:25:48| None
19:25:48| None
19:25:48| None
19:25:48| None
19:25:48| None
19:25:48| None
19:25:48| None
19:25:48| None
19:25:48| None
19:25:48| None
19:25:48| None
19:25:48| None
19:25:48| None
19:25:48| None
19:25:48| None
19:25:48| None
19:25:48| None
19:25:48| None
19:25:48| None
19:25:48| None
19:25:48| None
19:25:48| None
19:25:48| None
19:25:48| None
19:25:48| None
19:25:48| None
19:25:48| None
19:25:48| None
19:25:48| None
19:25:48| None
19:25:48| None
19:25:48| None
19:25:48| None
19:25:48| None
19:25:48| None
19:25:48| None
19:25:48| None
19:25:48| None
19:25:48| None
19:25:48| None
19:25:48| None
19:25:48| None
19:25:48| None
19:25:48| None
19:25:48| None
19:25:48| None
19:25:48| None
19:25:48| None
19:25:48| None
19:25:48| None
19:25:48| None
19:25:48| None
19:25:48| None
19:25:48| None
19:25:48| None
19:25:48| None
19:25:48| None
19:25:48| None
19:25:48| None
19:25:48| None
19:25:48| None
19:25:48| None
19:25:48| None
19:25:48| None
19:25:48| None
19:25:48| None
19:25:48| None
19:25:48| None
19:25:48| None
19:25:48| None
19:25:48| None
19:25:48| None
19:25:48| None
19:25:48| None
19:25:48| None
19:25:48| None
19:25:48| None
19:25:48| None
19:25:48| None
19:25:48| None
19:25:48| None
19:25:48| None
19:25:48| None
19:25:48| None
19:25:48| None
19:25:48| None
19:25:48| None
19:25:48| None
19:25:48| None
19:25:48| None
19:25:48| None
19:25:48| None
19:25:48| None
19:25:48| None
19:25:48| None
19:25:48| None
19:25:48| None
19:25:48| None
19:25:48| None
19:25:48| None
19:25:48| None
19:25:48| None
19:25:48| None
19:25:48| None
19:25:48| None
19:25:48| None
19:25:48| None
19:25:48| None
19:25:48| None
19:25:48| None
19:25:48| None
19:25:48| None
19:25:48| None
19:25:48| None
19:25:48| None
19:25:48| None
19:25:48| None
19:25:48| None
19:25:48| None
19:25:48| None
19:25:48| None
19:25:48| None
19:25:48| None
19:25:48| None
19:25:48| None
19:25:48| None
19:25:48| None
19:25:48| None
19:25:48| None
19:25:48| None
19:25:48| None
19:25:48| None
19:25:48| None
19:25:48| None
19:25:48| None
19:25:48| None
19:25:48| None
19:25:48| None
19:25:48| None
19:25:48| None
19:25:48| None
19:25:48| None
19:25:48| None
19:25:48| None
19:25:48| None
19:25:48| None
19:25:48| None
19:25:48| None
19:25:48| None
19:25:48| None
19:25:48| None
19:25:48| None
19:25:48| None
19:25:48| None
19:25:48| None
19:25:48| None
19:25:48| None
19:25:48| None
19:25:48| None
19:25:48| None
19:25:48| None
19:25:48| None
19:25:48| None
19:25:48| None
19:25:48| None
19:25:48| None
19:25:48| None
19:25:48| None
19:25:48| None
19:25:48| None
19:25:48| None
19:25:48| None
19:25:48| None
19:25:48| None
19:25:48| None
19:25:48| None
19:25:48| None
19:25:48| None
19:25:48| None
19:25:48| None
19:25:48| None
19:25:48| None
19:25:48| None
19:25:48| None
19:25:48| None
19:25:48| None
19:25:48| None
19:25:48| None
19:25:48| None
19:25:48| None
19:25:48| None
19:25:48| None
19:25:48| None
19:25:48| None
19:25:48| None
19:25:48| None
19:25:48| None
19:25:48| None
19:25:48| None
19:25:48| None
19:25:48| None
19:25:48| None
19:25:48| None
19:25:48| None
19:25:48| None
19:25:48| None
19:25:48| None
19:25:48| None
19:25:48| None
19:25:48| None
19:25:48| None
19:25:48| None
19:25:48| None
19:25:48| None
19:25:48| None
19:25:48| None
19:25:48| None
19:25:48| None
19:25:48| None
19:25:48| None
19:25:48| None
19:25:48| None
19:25:48| None
19:25:48| None
19:25:48| None
19:25:48| None
19:25:48| None
19:25:48| None
19:25:48| None
19:25:48| None
19:25:48| None
19:25:48| None
19:25:48| None
19:25:48| None
19:25:48| None
19:25:48| None
19:25:48| None
19:25:48| None
19:25:48| None
19:25:48| None
19:25:48| None
19:25:48| None
19:25:48| None
19:25:48| None
19:25:48| None
19:25:48| None
19:25:48| None
19:25:48| None
19:25:48| None
19:25:48| None
19:25:48| None
19:25:48| None
19:25:48| None
19:25:48| None
19:25:48| None
19:25:48| None
19:25:48| None
19:25:48| None
19:25:48| None
19:25:48| None
19:25:48| None
19:25:48| None
19:25:48| None
19:25:48| None
19:25:48| None
19:25:48| None
19:25:48| None
19:25:48| None
19:25:48| None
19:25:48| None
19:25:48| None
19:25:48| None
19:25:48| None
19:25:48| None
19:25:48| None
19:25:48| None
19:25:48| None
19:25:48| None
19:25:48| None
19:25:48| None
19:25:48| None
19:25:48| None
19:25:48| None
19:25:48| None
19:25:48| None
19:25:48| None
19:25:48| None
19:25:48| None
19:25:48| None
19:25:48| None
19:25:48| None
19:25:48| None
19:25:48| None
19:25:48| None
19:25:48| None
19:25:48| None
19:25:48| None
19:25:48| None
19:25:48| None
19:25:48| None
19:25:48| None
19:25:48| None
19:25:48| None
19:25:48| None
19:25:48| None
19:25:48| None
19:25:48| None
19:25:48| None
19:25:48| None
19:25:48| None
19:25:48| None
19:25:48| None
19:25:48| None
19:25:48| None
19:25:48| None
19:25:48| None
19:25:48| None
19:25:48| None
19:25:48| None
19:25:48| None
19:25:48| None
19:25:48| None
19:25:48| None
19:25:48| None
19:25:48| None
19:25:48| None
19:25:48| None
19:25:48| None
19:25:48| None
19:25:48| None
19:25:48| None
19:25:48| None
19:25:48| None
19:25:48| None
19:25:48| None
19:25:48| None
19:25:48| None
19:25:48| None
19:25:48| None
19:25:48| None
19:25:48| None
19:25:48| None
19:25:48| None
19:25:48| None
19:25:48| None
19:25:48| None
19:25:48| None
19:25:48| None
19:25:48| None
19:25:48| None
19:25:48| None
19:25:48| None
19:25:48| None
19:25:48| None
19:25:48| None
19:25:48| None
19:25:48| None
19:25:48| None
19:25:48| None
19:25:48| None
19:25:48| None
19:25:48| None
19:25:48| None
19:25:48| None
19:25:48| None
19:25:48| None
19:25:48| None
19:25:48| None
19:25:48| None
19:25:48| None
19:25:48| None
19:25:48| None
19:25:48| None
19:25:48| None
19:25:48| None
19:25:48| None
19:25:48| None
19:25:48| None
19:25:48| None
19:25:48| None
19:25:48| None
19:25:48| None
19:25:48| None
19:25:48| None
19:25:48| None
19:25:48| None
19:25:48| None
19:25:48| None
19:25:48| None
19:25:48| None
19:25:48| None
19:25:48| None
19:25:48| None
19:25:48| None
19:25:48| None
19:25:48| None
19:25:48| None
19:25:48| None
19:25:48| None
19:25:48| None
19:25:48| None
19:25:48| None
19:25:48| None
19:25:48| None
19:25:48| None
19:25:48| None
19:25:48| None
19:25:48| None
19:25:48| None
19:25:48| None
19:25:48| None
19:25:48| None
19:25:48| None
19:25:48| None
19:25:48| None
19:25:48| None
19:25:48| None
19:25:48| None
19:25:48| None
19:25:48| None
19:25:48| None
19:25:48| None
19:25:48| None
19:25:48| None
19:25:48| None
19:25:48| None
19:25:48| None
19:25:48| None
19:25:48| None
19:25:48| None
19:25:48| None
19:25:48| None
19:25:48| None
19:25:48| None
19:25:48| None
19:25:48| None
19:25:48| None
19:25:48| None
19:25:48| None
19:25:48| None
19:25:48| None
19:25:48| None
19:25:48| None
19:25:48| None
19:25:48| None
19:25:48| None
19:25:48| None
19:25:48| None
19:25:48| None
19:25:48| None
19:25:48| None
19:25:48| None
19:25:48| None
19:25:48| None
19:25:48| None
19:25:48| None
19:25:48| None
19:25:48| None
19:25:48| None
19:25:48| None
19:25:48| None
19:25:48| None
19:25:48| None
19:25:48| None
19:25:48| None
19:25:48| None
19:25:48| None
19:25:48| None
19:25:48| None
19:25:48| None
19:25:48| None
19:25:48| None
19:25:48| None
19:25:48| None
19:25:48| None
19:25:48| None
19:25:48| None
19:25:48| None
19:25:48| None
19:25:48| None
19:25:48| None
19:25:48| None
19:25:48| None
19:25:48| None
19:25:48| None
19:25:48| None
19:25:48| None
19:25:48| None
19:25:48| None
19:25:48| None
19:25:48| None
19:25:48| None
19:25:48| None
19:25:48| None
19:25:48| None
19:25:48| None
19:25:48| None
19:25:48| None
19:25:48| None
19:25:48| None
19:25:48| None
19:25:48| None
19:25:48| None
19:25:48| None
19:25:48| None
19:25:48| None
19:25:48| None
19:25:48| None
19:25:48| None
19:25:48| None
19:25:48| None
19:25:48| None
19:25:48| None
19:25:48| None
19:25:48| None
19:25:48| None
19:25:48| None
19:25:48| None
19:25:48| None
19:25:48| None
19:25:48| None
19:25:48| None
19:25:48| None
19:25:48| None
19:25:48| None
19:25:48| None
19:25:48| None
19:25:48| None
19:25:48| None
19:25:48| None
19:25:48| None
19:25:48| None
19:25:48| None
19:25:48| None
19:25:48| None
19:25:48| None
19:25:48| None
19:25:48| None
19:25:48| None
19:25:48| None
19:25:48| None
19:25:48| None
19:25:48| None
19:25:48| None
19:25:48| None
19:25:48| None
19:25:48| None
19:25:48| None
19:25:48| None
19:25:48| None
19:25:48| None
19:25:48| None
19:25:48| None
19:25:48| None
19:25:48| None
19:25:48| None
19:25:48| None
19:25:48| None
19:25:48| None
19:25:48| None
19:25:48| None
19:25:48| None
19:25:48| None
19:25:48| None
19:25:48| None
19:25:48| None
19:25:48| None
19:25:48| None
19:25:48| None
19:25:48| None
19:25:48| None
19:25:48| None
19:25:48| None
19:25:48| None
19:25:48| None
19:25:48| None
19:25:48| None
19:25:48| None
19:25:48| None
19:25:48| None
19:25:48| None
19:25:48| None
19:25:48| None
19:25:48| None
19:25:48| None
19:25:48| None
19:25:48| None
19:25:48| None
19:25:48| None
19:25:48| None
19:25:48| None
19:25:48| None
19:25:48| None
19:25:48| None
19:25:48| None
19:25:48| None
19:25:48| None
19:25:48| None
19:25:48| None
19:25:48| None
19:25:48| None
19:25:48| None
19:25:48| None
19:25:48| None
19:25:48| None
19:25:48| None
19:25:48| None
19:25:48| None
19:25:48| None
19:25:48| None
19:25:48| None
19:25:48| None
19:25:48| None
19:25:48| None
19:25:48| None
19:25:48| None
19:25:48| None
19:25:48| None
19:25:48| None
19:25:48|  
19:25:48| --------------------------------------------------------------------------------
19:25:48| Uppercase: 1000
19:25:48| None
19:25:48| None
19:25:48| None
19:25:48| None
19:25:48| None
19:25:48| None
19:25:48| None
19:25:48| None
19:25:48| None
19:25:48| None
19:25:48| None
19:25:48| None
19:25:48| None
19:25:48| None
19:25:48| None
19:25:48| None
19:25:48| None
19:25:48| None
19:25:48| None
19:25:48| None
19:25:48| None
19:25:48| None
19:25:48| None
19:25:48| None
19:25:48| None
19:25:48| None
19:25:48| None
19:25:48| None
19:25:48| None
19:25:48| None
19:25:48| None
19:25:48| None
19:25:48| None
19:25:48| None
19:25:48| None
19:25:48| None
19:25:48| None
19:25:48| None
19:25:48| None
19:25:48| None
19:25:48| None
19:25:48| None
19:25:48| None
19:25:48| None
19:25:48| None
19:25:48| None
19:25:48| None
19:25:48| None
19:25:48| None
19:25:48| None
19:25:48| None
19:25:48| None
19:25:48| None
19:25:48| None
19:25:48| None
19:25:48| None
19:25:48| None
19:25:48| None
19:25:48| None
19:25:48| None
19:25:48| None
19:25:48| None
19:25:48| None
19:25:48| None
19:25:48| None
19:25:48| None
19:25:48| None
19:25:48| None
19:25:48| None
19:25:48| None
19:25:48| None
19:25:48| None
19:25:48| None
19:25:48| None
19:25:48| None
19:25:48| None
19:25:48| None
19:25:48| None
19:25:48| None
19:25:48| None
19:25:48| None
19:25:48| None
19:25:48| None
19:25:48| None
19:25:48| None
19:25:48| None
19:25:48| None
19:25:48| None
19:25:48| None
19:25:48| None
19:25:48| None
19:25:48| None
19:25:48| None
19:25:48| None
19:25:48| None
19:25:48| None
19:25:48| None
19:25:48| None
19:25:48| None
19:25:48| None
19:25:48| None
19:25:48| None
19:25:48| None
19:25:48| None
19:25:48| None
19:25:48| None
19:25:48| None
19:25:48| None
19:25:48| None
19:25:48| None
19:25:48| None
19:25:48| None
19:25:48| None
19:25:48| None
19:25:48| None
19:25:48| None
19:25:48| None
19:25:48| None
19:25:48| None
19:25:48| None
19:25:48| None
19:25:48| None
19:25:48| None
19:25:48| None
19:25:48| None
19:25:48| None
19:25:48| None
19:25:48| None
19:25:48| None
19:25:48| None
19:25:48| None
19:25:48| None
19:25:48| None
19:25:48| None
19:25:48| None
19:25:48| None
19:25:48| None
19:25:48| None
19:25:48| None
19:25:48| None
19:25:48| None
19:25:48| None
19:25:48| None
19:25:48| None
19:25:48| None
19:25:48| None
19:25:48| None
19:25:48| None
19:25:48| None
19:25:48| None
19:25:48| None
19:25:48| None
19:25:48| None
19:25:48| None
19:25:48| None
19:25:48| None
19:25:48| None
19:25:48| None
19:25:48| None
19:25:48| None
19:25:48| None
19:25:48| None
19:25:48| None
19:25:48| None
19:25:48| None
19:25:48| None
19:25:48| None
19:25:48| None
19:25:48| None
19:25:48| None
19:25:48| None
19:25:48| None
19:25:48| None
19:25:48| None
19:25:48| None
19:25:48| None
19:25:48| None
19:25:48| None
19:25:48| None
19:25:48| None
19:25:48| None
19:25:48| None
19:25:48| None
19:25:48| None
19:25:48| None
19:25:48| None
19:25:48| None
19:25:48| None
19:25:48| None
19:25:48| None
19:25:48| None
19:25:48| None
19:25:48| None
19:25:48| None
19:25:48| None
19:25:48| None
19:25:48| None
19:25:48| None
19:25:48| None
19:25:48| None
19:25:48| None
19:25:48| None
19:25:48| None
19:25:48| None
19:25:48| None
19:25:48| None
19:25:48| None
19:25:48| None
19:25:48| None
19:25:48| None
19:25:48| None
19:25:48| None
19:25:48| None
19:25:48| None
19:25:48| None
19:25:48| None
19:25:48| None
19:25:48| None
19:25:48| None
19:25:48| None
19:25:48| None
19:25:48| None
19:25:48| None
19:25:48| None
19:25:48| None
19:25:48| None
19:25:48| None
19:25:48| None
19:25:48| None
19:25:48| None
19:25:48| None
19:25:48| None
19:25:48| None
19:25:48| None
19:25:48| None
19:25:48| None
19:25:48| None
19:25:48| None
19:25:48| None
19:25:48| None
19:25:48| None
19:25:48| None
19:25:48| None
19:25:48| None
19:25:48| None
19:25:48| None
19:25:48| None
19:25:48| None
19:25:48| None
19:25:48| None
19:25:48| None
19:25:48| None
19:25:48| None
19:25:48| None
19:25:48| None
19:25:48| None
19:25:48| None
19:25:48| None
19:25:48| None
19:25:48| None
19:25:48| None
19:25:48| None
19:25:48| None
19:25:48| None
19:25:48| None
19:25:48| None
19:25:48| None
19:25:48| None
19:25:48| None
19:25:48| None
19:25:48| None
19:25:48| None
19:25:48| None
19:25:48| None
19:25:48| None
19:25:48| None
19:25:48| None
19:25:48| None
19:25:48| None
19:25:48| None
19:25:48| None
19:25:48| None
19:25:48| None
19:25:48| None
19:25:48| None
19:25:48| None
19:25:48| None
19:25:48| None
19:25:48| None
19:25:48| None
19:25:48| None
19:25:48| None
19:25:48| None
19:25:48| None
19:25:48| None
19:25:48| None
19:25:48| None
19:25:48| None
19:25:48| None
19:25:48| None
19:25:48| None
19:25:48| None
19:25:48| None
19:25:48| None
19:25:48| None
19:25:48| None
19:25:48| None
19:25:48| None
19:25:48| None
19:25:48| None
19:25:48| None
19:25:48| None
19:25:48| None
19:25:48| None
19:25:48| None
19:25:48| None
19:25:48| None
19:25:48| None
19:25:48| None
19:25:48| None
19:25:48| None
19:25:48| None
19:25:48| None
19:25:48| None
19:25:48| None
19:25:48| None
19:25:48| None
19:25:48| None
19:25:48| None
19:25:48| None
19:25:48| None
19:25:48| None
19:25:48| None
19:25:48| None
19:25:48| None
19:25:48| None
19:25:48| None
19:25:48| None
19:25:48| None
19:25:48| None
19:25:48| None
19:25:48| None
19:25:48| None
19:25:48| None
19:25:48| None
19:25:48| None
19:25:48| None
19:25:48| None
19:25:48| None
19:25:48| None
19:25:48| None
19:25:48| None
19:25:48| None
19:25:48| None
19:25:48| None
19:25:48| None
19:25:48| None
19:25:48| None
19:25:48| None
19:25:48| None
19:25:48| None
19:25:48| None
19:25:48| None
19:25:48| None
19:25:48| None
19:25:48| None
19:25:48| None
19:25:48| None
19:25:48| None
19:25:48| None
19:25:48| None
19:25:48| None
19:25:48| None
19:25:48| None
19:25:48| None
19:25:48| None
19:25:48| None
19:25:48| None
19:25:48| None
19:25:48| None
19:25:48| None
19:25:48| None
19:25:48| None
19:25:48| None
19:25:48| None
19:25:48| None
19:25:48| None
19:25:48| None
19:25:48| None
19:25:48| None
19:25:48| None
19:25:48| None
19:25:48| None
19:25:48| None
19:25:48| None
19:25:48| None
19:25:48| None
19:25:48| None
19:25:48| None
19:25:48| None
19:25:48| None
19:25:48| None
19:25:48| None
19:25:48| None
19:25:48| None
19:25:48| None
19:25:48| None
19:25:48| None
19:25:48| None
19:25:48| None
19:25:48| None
19:25:48| None
19:25:48| None
19:25:48| None
19:25:48| None
19:25:48| None
19:25:48| None
19:25:48| None
19:25:48| None
19:25:48| None
19:25:48| None
19:25:48| None
19:25:48| None
19:25:48| None
19:25:48| None
19:25:48| None
19:25:48| None
19:25:48| None
19:25:48| None
19:25:48| None
19:25:48| None
19:25:48| None
19:25:48| None
19:25:48| None
19:25:48| None
19:25:48| None
19:25:48| None
19:25:48| None
19:25:48| None
19:25:48| None
19:25:48| None
19:25:48| None
19:25:48| None
19:25:48| None
19:25:48| None
19:25:48| None
19:25:48| None
19:25:48| None
19:25:48| None
19:25:48| None
19:25:48| None
19:25:48| None
19:25:48| None
19:25:48| None
19:25:48| None
19:25:48| None
19:25:48| None
19:25:48| None
19:25:48| None
19:25:48| None
19:25:48| None
19:25:48| None
19:25:48| None
19:25:48| None
19:25:48| None
19:25:48| None
19:25:48| None
19:25:48| None
19:25:48| None
19:25:48| None
19:25:48| None
19:25:48| None
19:25:48| None
19:25:48| None
19:25:48| None
19:25:48| None
19:25:48| None
19:25:48| None
19:25:48| None
19:25:48| None
19:25:48| None
19:25:48| None
19:25:48| None
19:25:48| None
19:25:48| None
19:25:48| None
19:25:48| None
19:25:48| None
19:25:48| None
19:25:48| None
19:25:48| None
19:25:48| None
19:25:48| None
19:25:48| None
19:25:48| None
19:25:48| None
19:25:48| None
19:25:48| None
19:25:48| None
19:25:48| None
19:25:48| None
19:25:48| None
19:25:48| None
19:25:48| None
19:25:48| None
19:25:48| None
19:25:48| None
19:25:48| None
19:25:48| None
19:25:48| None
19:25:48| None
19:25:48| None
19:25:48| None
19:25:48| None
19:25:48| None
19:25:48| None
19:25:48| None
19:25:48| None
19:25:48| None
19:25:48| None
19:25:48| None
19:25:48| None
19:25:48| None
19:25:48| None
19:25:48| None
19:25:48| None
19:25:48| None
19:25:48| None
19:25:48| None
19:25:48| None
19:25:48| None
19:25:48| None
19:25:48| None
19:25:48| None
19:25:48| None
19:25:48| None
19:25:48| None
19:25:48| None
19:25:48| None
19:25:48| None
19:25:48| None
19:25:48| None
19:25:48| None
19:25:48| None
19:25:48| None
19:25:48| None
19:25:48| None
19:25:48| None
19:25:48| None
19:25:48| None
19:25:48| None
19:25:48| None
19:25:48| None
19:25:48| None
19:25:48| None
19:25:48| None
19:25:48| None
19:25:48| None
19:25:48| None
19:25:48| None
19:25:48| None
19:25:48| None
19:25:48| None
19:25:48| None
19:25:48| None
19:25:48| None
19:25:48| None
19:25:48| None
19:25:48| None
19:25:48| None
19:25:48| None
19:25:48| None
19:25:48| None
19:25:48| None
19:25:48| None
19:25:48| None
19:25:48| None
19:25:48| None
19:25:48| None
19:25:48| None
19:25:48| None
19:25:48| None
19:25:48| None
19:25:48| None
19:25:48| None
19:25:48| None
19:25:48| None
19:25:48| None
19:25:48| None
19:25:48| None
19:25:48| None
19:25:48| None
19:25:48| None
19:25:48| None
19:25:48| None
19:25:48| None
19:25:48| None
19:25:48| None
19:25:48| None
19:25:48| None
19:25:48| None
19:25:48| None
19:25:48| None
19:25:48| None
19:25:48| None
19:25:48| None
19:25:48| None
19:25:48| None
19:25:48| None
19:25:48| None
19:25:48| None
19:25:48| None
19:25:48| None
19:25:48| None
19:25:48| None
19:25:48| None
19:25:48| None
19:25:48| None
19:25:48| None
19:25:48| None
19:25:48| None
19:25:48| None
19:25:48| None
19:25:48| None
19:25:48| None
19:25:48| None
19:25:48| None
19:25:48| None
19:25:48| None
19:25:48| None
19:25:48| None
19:25:48| None
19:25:48| None
19:25:48| None
19:25:48| None
19:25:48| None
19:25:48| None
19:25:48| None
19:25:48| None
19:25:48| None
19:25:48| None
19:25:48| None
19:25:48| None
19:25:48| None
19:25:48| None
19:25:48| None
19:25:48| None
19:25:48| None
19:25:48| None
19:25:48| None
19:25:48| None
19:25:48| None
19:25:48| None
19:25:48| None
19:25:48| None
19:25:48| None
19:25:48| None
19:25:48| None
19:25:48| None
19:25:48| None
19:25:48| None
19:25:48| None
19:25:48| None
19:25:48| None
19:25:48| None
19:25:48| None
19:25:48| None
19:25:48| None
19:25:48| None
19:25:48| None
19:25:48| None
19:25:48| None
19:25:48| None
19:25:48| None
19:25:48| None
19:25:48| None
19:25:48| None
19:25:48| None
19:25:48| None
19:25:48| None
19:25:48| None
19:25:48| None
19:25:48| None
19:25:48| None
19:25:48| None
19:25:48| None
19:25:48| None
19:25:48| None
19:25:48| None
19:25:48| None
19:25:48| None
19:25:48| None
19:25:48| None
19:25:48| None
19:25:48| None
19:25:48| None
19:25:48| None
19:25:48| None
19:25:48| None
19:25:48| None
19:25:48| None
19:25:48| None
19:25:48| None
19:25:48| None
19:25:48| None
19:25:48| None
19:25:48| None
19:25:48| None
19:25:48| None
19:25:48| None
19:25:48| None
19:25:48| None
19:25:48| None
19:25:48| None
19:25:48| None
19:25:48| None
19:25:48| None
19:25:48| None
19:25:48| None
19:25:48| None
19:25:48| None
19:25:48| None
19:25:48| None
19:25:48| None
19:25:48| None
19:25:48| None
19:25:48| None
19:25:48| None
19:25:48| None
19:25:48| None
19:25:48| None
19:25:48| None
19:25:48| None
19:25:48| None
19:25:48| None
19:25:48| None
19:25:48| None
19:25:48| None
19:25:48| None
19:25:48| None
19:25:48| None
19:25:48| None
19:25:48| None
19:25:48| None
19:25:48| None
19:25:48| None
19:25:48| None
19:25:48| None
19:25:48| None
19:25:48| None
19:25:48| None
19:25:48| None
19:25:48| None
19:25:48| None
19:25:48| None
19:25:48| None
19:25:48| None
19:25:48| None
19:25:48| None
19:25:48| None
19:25:48| None
19:25:48| None
19:25:48| None
19:25:48| None
19:25:48| None
19:25:48| None
19:25:48| None
19:25:48| None
19:25:48| None
19:25:48| None
19:25:48| None
19:25:48| None
19:25:48| None
19:25:48| None
19:25:48| None
19:25:48| None
19:25:48| None
19:25:48| None
19:25:48| None
19:25:48| None
19:25:48| None
19:25:48| None
19:25:48| None
19:25:48| None
19:25:48| None
19:25:48| None
19:25:48| None
19:25:48| None
19:25:48| None
19:25:48| None
19:25:48| None
19:25:48| None
19:25:48| None
19:25:48| None
19:25:48| None
19:25:48| None
19:25:48| None
19:25:48| None
19:25:48| None
19:25:48| None
19:25:48| None
19:25:48| None
19:25:48| None
19:25:48| None
19:25:48| None
19:25:48| None
19:25:48| None
19:25:48| None
19:25:48| None
19:25:48| None
19:25:48| None
19:25:48| None
19:25:48| None
19:25:48| None
19:25:48| None
19:25:48| None
19:25:48| None
19:25:48| None
19:25:48| None
19:25:48| None
19:25:48| None
19:25:48| None
19:25:48| None
19:25:48| None
19:25:48| None
19:25:48| None
19:25:48| None
19:25:48| None
19:25:48| None
19:25:48| None
19:25:48| None
19:25:48| None
19:25:48| None
19:25:48| None
19:25:48| None
19:25:48| None
19:25:48| None
19:25:48| None
19:25:48| None
19:25:48| None
19:25:48| None
19:25:48| None
19:25:48| None
19:25:48| None
19:25:48| None
19:25:48| None
19:25:48| None
19:25:48| None
19:25:48| None
19:25:48| None
19:25:48| None
19:25:48| None
19:25:48| None
19:25:48| None
19:25:48| None
19:25:48| None
19:25:48| None
19:25:48| None
19:25:48| None
19:25:48| None
19:25:48| None
19:25:48| None
19:25:48| None
19:25:48| None
19:25:48| None
19:25:48| None
19:25:48| None
19:25:48| None
19:25:48| None
19:25:48| None
19:25:48| None
19:25:48| None
19:25:48| None
19:25:48| None
19:25:48| None
19:25:48| None
19:25:48| None
19:25:48| None
19:25:48| None
19:25:48| None
19:25:48| None
19:25:48| None
19:25:48| None
19:25:48| None
19:25:48| None
19:25:48| None
19:25:48| None
19:25:48| None
19:25:48| None
19:25:48| None
19:25:48| None
19:25:48| None
19:25:48| None
19:25:48| None
19:25:48| None
19:25:48| None
19:25:48| None
19:25:48| None
19:25:48| None
19:25:48| None
19:25:48| None
19:25:48| None
19:25:48| None
19:25:48| None
19:25:48| None
19:25:48| None
19:25:48| None
19:25:48| None
19:25:48| None
19:25:48| None
19:25:48| None
19:25:48| None
19:25:48| None
19:25:48| None
19:25:48| None
19:25:48| None
19:25:48| None
19:25:48| None
19:25:48| None
19:25:48| None
19:25:48| None
19:25:48| None
19:25:48| None
19:25:48| None
19:25:48| None
19:25:48| None
19:25:48| None
19:25:48| None
19:25:48| None
19:25:48| None
19:25:48| None
19:25:48| None
19:25:48| None
19:25:48| None
19:25:48| None
19:25:48| None
19:25:48| None
19:25:48| None
19:25:48| None
19:25:48| None
19:25:48| None
19:25:48| None
19:25:48| None
19:25:48| None
19:25:48| None
19:25:48| None
19:25:48| None
19:25:48| None
19:25:48| None
19:25:48| None
19:25:48| None
19:25:48| None
19:25:48| None
19:25:48| None
19:25:48| None
19:25:48| None
19:25:48| None
19:25:48| None
19:25:48| None
19:25:48| None
19:25:48| None
19:25:48| None
19:25:48| None
19:25:48| None
19:25:48| None
19:25:48| None
19:25:48| None
19:25:48| None
19:25:48| None
19:25:48| None
19:25:48| None
19:25:48| None
19:25:48| None
19:25:48| None
19:25:48| None
19:25:48| None
19:25:48| None
19:25:48| None
19:25:48| None
19:25:48| None
19:25:48| None
19:25:48| None
19:25:48| None
19:25:48| None
19:25:48| None
19:25:48| None
19:25:48| None
19:25:48| None
19:25:48| None
19:25:48| None
19:25:48| None
19:25:48| None
19:25:48| None
19:25:48| None
19:25:48| None
19:25:48| None
19:25:48| None
19:25:48| None
19:25:48| None
19:25:48| None
19:25:48|  
19:25:48| --------------------------------------------------------------------------------
19:25:48| Sums: 1000
19:25:48| None
19:25:48| None
19:25:48| None
19:25:48| None
19:25:48| None
19:25:48| None
19:25:48| None
19:25:48| None
19:25:48| None
19:25:48| None
19:25:48| None
19:25:48| None
19:25:48| None
19:25:48| None
19:25:48| None
19:25:48| None
19:25:48| None
19:25:48| None
19:25:48| None
19:25:48| None
19:25:48| None
19:25:48| None
19:25:48| None
19:25:48| None
19:25:48| None
19:25:48| None
19:25:48| None
19:25:48| None
19:25:48| None
19:25:48| None
19:25:48| None
19:25:48| None
19:25:48| None
19:25:48| None
19:25:48| None
19:25:48| None
19:25:48| None
19:25:48| None
19:25:48| None
19:25:48| None
19:25:48| None
19:25:48| None
19:25:48| None
19:25:48| None
19:25:48| None
19:25:48| None
19:25:48| None
19:25:48| None
19:25:48| None
19:25:48| None
19:25:48| None
19:25:48| None
19:25:48| None
19:25:48| None
19:25:48| None
19:25:48| None
19:25:48| None
19:25:48| None
19:25:48| None
19:25:48| None
19:25:48| None
19:25:48| None
19:25:48| None
19:25:48| None
19:25:48| None
19:25:48| None
19:25:48| None
19:25:48| None
19:25:48| None
19:25:48| None
19:25:48| None
19:25:48| None
19:25:48| None
19:25:48| None
19:25:48| None
19:25:48| None
19:25:48| None
19:25:48| None
19:25:48| None
19:25:48| None
19:25:48| None
19:25:48| None
19:25:48| None
19:25:48| None
19:25:48| None
19:25:48| None
19:25:48| None
19:25:48| None
19:25:48| None
19:25:48| None
19:25:48| None
19:25:48| None
19:25:48| None
19:25:48| None
19:25:48| None
19:25:48| None
19:25:48| None
19:25:48| None
19:25:48| None
19:25:48| None
19:25:48| None
19:25:48| None
19:25:48| None
19:25:48| None
19:25:48| None
19:25:48| None
19:25:48| None
19:25:48| None
19:25:48| None
19:25:48| None
19:25:48| None
19:25:48| None
19:25:48| None
19:25:48| None
19:25:48| None
19:25:48| None
19:25:48| None
19:25:48| None
19:25:48| None
19:25:48| None
19:25:48| None
19:25:48| None
19:25:48| None
19:25:48| None
19:25:48| None
19:25:48| None
19:25:48| None
19:25:48| None
19:25:48| None
19:25:48| None
19:25:48| None
19:25:48| None
19:25:48| None
19:25:48| None
19:25:48| None
19:25:48| None
19:25:48| None
19:25:48| None
19:25:48| None
19:25:48| None
19:25:48| None
19:25:48| None
19:25:48| None
19:25:48| None
19:25:48| None
19:25:48| None
19:25:48| None
19:25:48| None
19:25:48| None
19:25:48| None
19:25:48| None
19:25:48| None
19:25:48| None
19:25:48| None
19:25:48| None
19:25:48| None
19:25:48| None
19:25:48| None
19:25:48| None
19:25:48| None
19:25:48| None
19:25:48| None
19:25:48| None
19:25:48| None
19:25:48| None
19:25:48| None
19:25:48| None
19:25:48| None
19:25:48| None
19:25:48| None
19:25:48| None
19:25:48| None
19:25:48| None
19:25:48| None
19:25:48| None
19:25:48| None
19:25:48| None
19:25:48| None
19:25:48| None
19:25:48| None
19:25:48| None
19:25:48| None
19:25:48| None
19:25:48| None
19:25:48| None
19:25:48| None
19:25:48| None
19:25:48| None
19:25:48| None
19:25:48| None
19:25:48| None
19:25:48| None
19:25:48| None
19:25:48| None
19:25:48| None
19:25:48| None
19:25:48| None
19:25:48| None
19:25:48| None
19:25:48| None
19:25:48| None
19:25:48| None
19:25:48| None
19:25:48| None
19:25:48| None
19:25:48| None
19:25:48| None
19:25:48| None
19:25:48| None
19:25:48| None
19:25:48| None
19:25:48| None
19:25:48| None
19:25:48| None
19:25:48| None
19:25:48| None
19:25:48| None
19:25:48| None
19:25:48| None
19:25:48| None
19:25:48| None
19:25:48| None
19:25:48| None
19:25:48| None
19:25:48| None
19:25:48| None
19:25:48| None
19:25:48| None
19:25:48| None
19:25:48| None
19:25:48| None
19:25:48| None
19:25:48| None
19:25:48| None
19:25:48| None
19:25:48| None
19:25:48| None
19:25:48| None
19:25:48| None
19:25:48| None
19:25:48| None
19:25:48| None
19:25:48| None
19:25:48| None
19:25:48| None
19:25:48| None
19:25:48| None
19:25:48| None
19:25:48| None
19:25:48| None
19:25:48| None
19:25:48| None
19:25:48| None
19:25:48| None
19:25:48| None
19:25:48| None
19:25:48| None
19:25:48| None
19:25:48| None
19:25:48| None
19:25:48| None
19:25:48| None
19:25:48| None
19:25:48| None
19:25:48| None
19:25:48| None
19:25:48| None
19:25:48| None
19:25:48| None
19:25:48| None
19:25:48| None
19:25:48| None
19:25:48| None
19:25:48| None
19:25:48| None
19:25:48| None
19:25:48| None
19:25:48| None
19:25:48| None
19:25:48| None
19:25:48| None
19:25:48| None
19:25:48| None
19:25:48| None
19:25:48| None
19:25:48| None
19:25:48| None
19:25:48| None
19:25:48| None
19:25:48| None
19:25:48| None
19:25:48| None
19:25:48| None
19:25:48| None
19:25:48| None
19:25:48| None
19:25:48| None
19:25:48| None
19:25:48| None
19:25:48| None
19:25:48| None
19:25:48| None
19:25:48| None
19:25:48| None
19:25:48| None
19:25:48| None
19:25:48| None
19:25:48| None
19:25:48| None
19:25:48| None
19:25:48| None
19:25:48| None
19:25:48| None
19:25:48| None
19:25:48| None
19:25:48| None
19:25:48| None
19:25:48| None
19:25:48| None
19:25:48| None
19:25:48| None
19:25:48| None
19:25:48| None
19:25:48| None
19:25:48| None
19:25:48| None
19:25:48| None
19:25:48| None
19:25:48| None
19:25:48| None
19:25:48| None
19:25:48| None
19:25:48| None
19:25:48| None
19:25:48| None
19:25:48| None
19:25:48| None
19:25:48| None
19:25:48| None
19:25:48| None
19:25:48| None
19:25:48| None
19:25:48| None
19:25:48| None
19:25:48| None
19:25:48| None
19:25:48| None
19:25:48| None
19:25:48| None
19:25:48| None
19:25:48| None
19:25:48| None
19:25:48| None
19:25:48| None
19:25:48| None
19:25:48| None
19:25:48| None
19:25:48| None
19:25:48| None
19:25:48| None
19:25:48| None
19:25:48| None
19:25:48| None
19:25:48| None
19:25:48| None
19:25:48| None
19:25:48| None
19:25:48| None
19:25:48| None
19:25:48| None
19:25:48| None
19:25:48| None
19:25:48| None
19:25:48| None
19:25:48| None
19:25:48| None
19:25:48| None
19:25:48| None
19:25:48| None
19:25:48| None
19:25:48| None
19:25:48| None
19:25:48| None
19:25:48| None
19:25:48| None
19:25:48| None
19:25:48| None
19:25:48| None
19:25:48| None
19:25:48| None
19:25:48| None
19:25:48| None
19:25:48| None
19:25:48| None
19:25:48| None
19:25:48| None
19:25:48| None
19:25:48| None
19:25:48| None
19:25:48| None
19:25:48| None
19:25:48| None
19:25:48| None
19:25:48| None
19:25:48| None
19:25:48| None
19:25:48| None
19:25:48| None
19:25:48| None
19:25:48| None
19:25:48| None
19:25:48| None
19:25:48| None
19:25:48| None
19:25:48| None
19:25:48| None
19:25:48| None
19:25:48| None
19:25:48| None
19:25:48| None
19:25:48| None
19:25:48| None
19:25:48| None
19:25:48| None
19:25:48| None
19:25:48| None
19:25:48| None
19:25:48| None
19:25:48| None
19:25:48| None
19:25:48| None
19:25:48| None
19:25:48| None
19:25:48| None
19:25:48| None
19:25:48| None
19:25:48| None
19:25:48| None
19:25:48| None
19:25:48| None
19:25:48| None
19:25:48| None
19:25:48| None
19:25:48| None
19:25:48| None
19:25:48| None
19:25:48| None
19:25:48| None
19:25:48| None
19:25:48| None
19:25:48| None
19:25:48| None
19:25:48| None
19:25:48| None
19:25:48| None
19:25:48| None
19:25:48| None
19:25:48| None
19:25:48| None
19:25:48| None
19:25:48| None
19:25:48| None
19:25:48| None
19:25:48| None
19:25:48| None
19:25:48| None
19:25:48| None
19:25:48| None
19:25:48| None
19:25:48| None
19:25:48| None
19:25:48| None
19:25:48| None
19:25:48| None
19:25:48| None
19:25:48| None
19:25:48| None
19:25:48| None
19:25:48| None
19:25:48| None
19:25:48| None
19:25:48| None
19:25:48| None
19:25:48| None
19:25:48| None
19:25:48| None
19:25:48| None
19:25:48| None
19:25:48| None
19:25:48| None
19:25:48| None
19:25:48| None
19:25:48| None
19:25:48| None
19:25:48| None
19:25:48| None
19:25:48| None
19:25:48| None
19:25:48| None
19:25:48| None
19:25:48| None
19:25:48| None
19:25:48| None
19:25:48| None
19:25:48| None
19:25:48| None
19:25:48| None
19:25:48| None
19:25:48| None
19:25:48| None
19:25:48| None
19:25:48| None
19:25:48| None
19:25:48| None
19:25:48| None
19:25:48| None
19:25:48| None
19:25:48| None
19:25:48| None
19:25:48| None
19:25:48| None
19:25:48| None
19:25:48| None
19:25:48| None
19:25:48| None
19:25:48| None
19:25:48| None
19:25:48| None
19:25:48| None
19:25:48| None
19:25:48| None
19:25:48| None
19:25:48| None
19:25:48| None
19:25:48| None
19:25:48| None
19:25:48| None
19:25:48| None
19:25:48| None
19:25:48| None
19:25:48| None
19:25:48| None
19:25:48| None
19:25:48| None
19:25:48| None
19:25:48| None
19:25:48| None
19:25:48| None
19:25:48| None
19:25:48| None
19:25:48| None
19:25:48| None
19:25:48| None
19:25:48| None
19:25:48| None
19:25:48| None
19:25:48| None
19:25:48| None
19:25:48| None
19:25:48| None
19:25:48| None
19:25:48| None
19:25:48| None
19:25:48| None
19:25:48| None
19:25:48| None
19:25:48| None
19:25:48| None
19:25:48| None
19:25:48| None
19:25:48| None
19:25:48| None
19:25:48| None
19:25:48| None
19:25:48| None
19:25:48| None
19:25:48| None
19:25:48| None
19:25:48| None
19:25:48| None
19:25:48| None
19:25:48| None
19:25:48| None
19:25:48| None
19:25:48| None
19:25:48| None
19:25:48| None
19:25:48| None
19:25:48| None
19:25:48| None
19:25:48| None
19:25:48| None
19:25:48| None
19:25:48| None
19:25:48| None
19:25:48| None
19:25:48| None
19:25:48| None
19:25:48| None
19:25:48| None
19:25:48| None
19:25:48| None
19:25:48| None
19:25:48| None
19:25:48| None
19:25:48| None
19:25:48| None
19:25:48| None
19:25:48| None
19:25:48| None
19:25:48| None
19:25:48| None
19:25:48| None
19:25:48| None
19:25:48| None
19:25:48| None
19:25:48| None
19:25:48| None
19:25:48| None
19:25:48| None
19:25:48| None
19:25:48| None
19:25:48| None
19:25:48| None
19:25:48| None
19:25:48| None
19:25:48| None
19:25:48| None
19:25:48| None
19:25:48| None
19:25:48| None
19:25:48| None
19:25:48| None
19:25:48| None
19:25:48| None
19:25:48| None
19:25:48| None
19:25:48| None
19:25:48| None
19:25:48| None
19:25:48| None
19:25:48| None
19:25:48| None
19:25:48| None
19:25:48| None
19:25:48| None
19:25:48| None
19:25:48| None
19:25:48| None
19:25:48| None
19:25:48| None
19:25:48| None
19:25:48| None
19:25:48| None
19:25:48| None
19:25:48| None
19:25:48| None
19:25:48| None
19:25:48| None
19:25:48| None
19:25:48| None
19:25:48| None
19:25:48| None
19:25:48| None
19:25:48| None
19:25:48| None
19:25:48| None
19:25:48| None
19:25:48| None
19:25:48| None
19:25:48| None
19:25:48| None
19:25:48| None
19:25:48| None
19:25:48| None
19:25:48| None
19:25:48| None
19:25:48| None
19:25:48| None
19:25:48| None
19:25:48| None
19:25:48| None
19:25:48| None
19:25:48| None
19:25:48| None
19:25:48| None
19:25:48| None
19:25:48| None
19:25:48| None
19:25:48| None
19:25:48| None
19:25:48| None
19:25:48| None
19:25:48| None
19:25:48| None
19:25:48| None
19:25:48| None
19:25:48| None
19:25:48| None
19:25:48| None
19:25:48| None
19:25:48| None
19:25:48| None
19:25:48| None
19:25:48| None
19:25:48| None
19:25:48| None
19:25:48| None
19:25:48| None
19:25:48| None
19:25:48| None
19:25:48| None
19:25:48| None
19:25:48| None
19:25:48| None
19:25:48| None
19:25:48| None
19:25:48| None
19:25:48| None
19:25:48| None
19:25:48| None
19:25:48| None
19:25:48| None
19:25:48| None
19:25:48| None
19:25:48| None
19:25:48| None
19:25:48| None
19:25:48| None
19:25:48| None
19:25:48| None
19:25:48| None
19:25:48| None
19:25:48| None
19:25:48| None
19:25:48| None
19:25:48| None
19:25:48| None
19:25:48| None
19:25:48| None
19:25:48| None
19:25:48| None
19:25:48| None
19:25:48| None
19:25:48| None
19:25:48| None
19:25:48| None
19:25:48| None
19:25:48| None
19:25:48| None
19:25:48| None
19:25:48| None
19:25:48| None
19:25:48| None
19:25:48| None
19:25:48| None
19:25:48| None
19:25:48| None
19:25:48| None
19:25:48| None
19:25:48| None
19:25:48| None
19:25:48| None
19:25:48| None
19:25:48| None
19:25:48| None
19:25:48| None
19:25:48| None
19:25:48| None
19:25:48| None
19:25:48| None
19:25:48| None
19:25:48| None
19:25:48| None
19:25:48| None
19:25:48| None
19:25:48| None
19:25:48| None
19:25:48| None
19:25:48| None
19:25:48| None
19:25:48| None
19:25:48| None
19:25:48| None
19:25:48| None
19:25:48| None
19:25:48| None
19:25:48| None
19:25:48| None
19:25:48| None
19:25:48| None
19:25:48| None
19:25:48| None
19:25:48| None
19:25:48| None
19:25:48| None
19:25:48| None
19:25:48| None
19:25:48| None
19:25:48| None
19:25:48| None
19:25:48| None
19:25:48| None
19:25:48| None
19:25:48| None
19:25:48| None
19:25:48| None
19:25:48| None
19:25:48| None
19:25:48| None
19:25:48| None
19:25:48| None
19:25:48| None
19:25:48| None
19:25:48| None
19:25:48| None
19:25:48| None
19:25:48| None
19:25:48| None
19:25:48| None
19:25:48| None
19:25:48| None
19:25:48| None
19:25:48| None
19:25:48| None
19:25:48| None
19:25:48| None
19:25:48| None
19:25:48| None
19:25:48| None
19:25:48| None
19:25:48| None
19:25:48| None
19:25:48| None
19:25:48| None
19:25:48| None
19:25:48| None
19:25:48| None
19:25:48| None
19:25:48| None
19:25:48| None
19:25:48| None
19:25:48| None
19:25:48| None
19:25:48| None
19:25:48| None
19:25:48| None
19:25:48| None
19:25:48| None
19:25:48| None
19:25:48| None
19:25:48| None
19:25:48| None
19:25:48| None
19:25:48| None
19:25:48| None
19:25:48| None
19:25:48| None
19:25:48| None
19:25:48| None
19:25:48| None
19:25:48| None
19:25:48| None
19:25:48| None
19:25:48| None
19:25:48| None
19:25:48| None
19:25:48| None
19:25:48| None
19:25:48| None
19:25:48| None
19:25:48| None
19:25:48| None
19:25:48| None
19:25:48| None
19:25:48| None
19:25:48| None
19:25:48| None
19:25:48| None
19:25:48| None
19:25:48| None
19:25:48| None
19:25:48| None
19:25:48| None
19:25:48| None
19:25:48| None
19:25:48| None
19:25:48| None
19:25:48| None
19:25:48| None
19:25:48| None
19:25:48| None
19:25:48| None
19:25:48| None
19:25:48| None
19:25:48| None
19:25:48| None
19:25:48| None
19:25:48| None
19:25:48| None
19:25:48| None
19:25:48| None
19:25:48| None
19:25:48| None
19:25:48| None
19:25:48| None
19:25:48| None
19:25:48| None
19:25:48| None
19:25:48| None
19:25:48| None
19:25:48| None
19:25:48| None
19:25:48| None
19:25:48| None
19:25:48| None
19:25:48| None
19:25:48| None
19:25:48| None
19:25:48| None
19:25:48| None
19:25:48| None
19:25:48| None
19:25:48| None
19:25:48| None
19:25:48| None
19:25:48| None
19:25:48| None
19:25:48| None
19:25:48| None
19:25:48| None
19:25:48| None
19:25:48| None
19:25:48| None
19:25:48| None
19:25:48| None
19:25:48| None
19:25:48| None
19:25:48| None
19:25:48| None
19:25:48| None
19:25:48| None
19:25:48| None
19:25:48| None
19:25:48| None
19:25:48| None
19:25:48| None
19:25:48| None
19:25:48| None
19:25:48| None
19:25:48| None
19:25:48| None
19:25:48| None
19:25:48| None
19:25:48| None
19:25:48| None
19:25:48| None
19:25:48| None
19:25:48| None
19:25:48| None
19:25:48| None
19:25:48| None
19:25:48| None
19:25:48| None
19:25:48| None
19:25:48| None
19:25:48| None
19:25:48| None
19:25:48| None
19:25:48| None
19:25:48| None
19:25:48| None
19:25:48| None
19:25:48| None
19:25:48| None
19:25:48| None
19:25:48| None
19:25:48| None
19:25:48| None
19:25:48| None
19:25:48| None
19:25:48| None
19:25:48| None
19:25:48| None
19:25:48| None
19:25:48| None
19:25:48| None
19:25:48| None
19:25:48| None
19:25:48| None
19:25:48| None
19:25:48| None
19:25:48| None
19:25:48| None
19:25:48| None
19:25:48| None
19:25:48| None
19:25:48| None
19:25:48| None
19:25:48| None
19:25:48|  
19:25:48| --------------------------------------------------------------------------------
19:25:48| Names: 34
19:25:48| None
19:25:48| None
19:25:48| None
19:25:48| None
19:25:48| None
19:25:48| None
19:25:48| None
19:25:48| None
19:25:48| None
19:25:48| None
19:25:48| None
19:25:48| None
19:25:48| None
19:25:48| None
19:25:48| None
19:25:48| None
19:25:48| None
19:25:48| None
19:25:48| None
19:25:48| None
19:25:48| None
19:25:48| None
19:25:48| None
19:25:48| None
19:25:48| None
19:25:48| None
19:25:48| None
19:25:48| None
19:25:48| None
19:25:48| None
19:25:48| None
19:25:48| None
19:25:48| None
19:25:48| None
19:25:48|  
19:25:48| Number of Primes tasks: 1000
19:25:48| Number of Words tasks: 1000
19:25:48| Number of Uppercase tasks: 1000
19:25:48| Number of Sums tasks: 1000
19:25:48| Number of Names tasks: 34
19:25:48| Finished processes 4034 tasks = 20.29122230
