11:23:30| --------------------------------------------------------------------------------
11:23:30| Primes: 1
11:23:30| 7 is prime
11:23:30|  
11:23:30| --------------------------------------------------------------------------------
11:23:30| Words: 1
11:23:30| amusement is in the text file
11:23:30|  
11:23:30| --------------------------------------------------------------------------------
11:23:30| Uppercase: 1
11:23:30| INJECT
11:23:30|  
11:23:30| --------------------------------------------------------------------------------
11:23:30| Sums: 1
11:23:30| sum of 424 to 694,818 = 695,242
11:23:30|  
11:23:30| --------------------------------------------------------------------------------
11:23:30| Names: 1
11:23:30| http://127.0.0.1:8790/people/2/ has name C-3PO
11:23:30|  
11:23:30| Number of Primes tasks: 1
11:23:30| Number of Words tasks: 1
11:23:30| Number of Uppercase tasks: 1
11:23:30| Number of Sums tasks: 1
11:23:30| Number of Names tasks: 1
11:23:30| Finished processes 5 tasks = 1.07103350
