19:24:35| --------------------------------------------------------------------------------
19:24:35| Primes: 1
19:24:35| 7 is prime
19:24:35|  
19:24:35| --------------------------------------------------------------------------------
19:24:35| Words: 1
19:24:35| None
19:24:35|  
19:24:35| --------------------------------------------------------------------------------
19:24:35| Uppercase: 1
19:24:35| None
19:24:35|  
19:24:35| --------------------------------------------------------------------------------
19:24:35| Sums: 1
19:24:35| None
19:24:35|  
19:24:35| --------------------------------------------------------------------------------
19:24:35| Names: 1
19:24:35| None
19:24:35|  
19:24:35| Number of Primes tasks: 1
19:24:35| Number of Words tasks: 1
19:24:35| Number of Uppercase tasks: 1
19:24:35| Number of Sums tasks: 1
19:24:35| Number of Names tasks: 1
19:24:35| Finished processes 5 tasks = 1.84171220
