19:05:29| --------------------------------------------------------------------------------
19:05:29| Primes: 0
19:05:29|  
19:05:29| --------------------------------------------------------------------------------
19:05:29| Words: 0
19:05:29|  
19:05:29| --------------------------------------------------------------------------------
19:05:29| Uppercase: 0
19:05:29|  
19:05:29| --------------------------------------------------------------------------------
19:05:29| Sums: 0
19:05:29|  
19:05:29| --------------------------------------------------------------------------------
19:05:29| Names: 0
19:05:29|  
19:05:29| Number of Primes tasks: 0
19:05:29| Number of Words tasks: 0
19:05:29| Number of Uppercase tasks: 0
19:05:29| Number of Sums tasks: 0
19:05:29| Number of Names tasks: 0
19:05:29| Finished processes 5 tasks = 0.84924880
