11:22:05| --------------------------------------------------------------------------------
11:22:05| Primes: 1
11:22:05| 7 is prime
11:22:05|  
11:22:05| --------------------------------------------------------------------------------
11:22:05| Words: 1
11:22:05| amusement is in the text file
11:22:05|  
11:22:05| --------------------------------------------------------------------------------
11:22:05| Uppercase: 1
11:22:05| INJECT
11:22:05|  
11:22:05| --------------------------------------------------------------------------------
11:22:05| Sums: 1
11:22:05| sum of 424 to 694,818 = 695,242
11:22:05|  
11:22:05| --------------------------------------------------------------------------------
11:22:05| Names: 1
11:22:05| http://127.0.0.1:8790/people/2/ has name C-3PO
11:22:05|  
11:22:05| Number of Primes tasks: 1
11:22:05| Number of Words tasks: 1
11:22:05| Number of Uppercase tasks: 1
11:22:05| Number of Sums tasks: 1
11:22:05| Number of Names tasks: 1
11:22:05| Finished processes 5 tasks = 1.05575060
