11:03:20| --------------------------------------------------------------------------------
11:03:20| Primes: 0
11:03:20|  
11:03:20| --------------------------------------------------------------------------------
11:03:20| Words: 0
11:03:20|  
11:03:20| --------------------------------------------------------------------------------
11:03:20| Uppercase: 0
11:03:20|  
11:03:20| --------------------------------------------------------------------------------
11:03:20| Sums: 0
11:03:20|  
11:03:20| --------------------------------------------------------------------------------
11:03:20| Names: 0
11:03:20|  
11:03:20| Number of Primes tasks: 0
11:03:20| Number of Words tasks: 0
11:03:20| Number of Uppercase tasks: 0
11:03:20| Number of Sums tasks: 0
11:03:20| Number of Names tasks: 0
11:03:20| Finished processes 5 tasks = 0.02531940
