19:12:57| --------------------------------------------------------------------------------
19:12:57| Primes: 0
19:12:57|  
19:12:57| --------------------------------------------------------------------------------
19:12:57| Words: 0
19:12:57|  
19:12:57| --------------------------------------------------------------------------------
19:12:57| Uppercase: 0
19:12:57|  
19:12:57| --------------------------------------------------------------------------------
19:12:57| Sums: 0
19:12:57|  
19:12:57| --------------------------------------------------------------------------------
19:12:57| Names: 0
19:12:57|  
19:12:57| Number of Primes tasks: 0
19:12:57| Number of Words tasks: 0
19:12:57| Number of Uppercase tasks: 0
19:12:57| Number of Sums tasks: 0
19:12:57| Number of Names tasks: 0
19:12:57| Finished processes 5 tasks = 1.87502140
