11:03:38| --------------------------------------------------------------------------------
11:03:38| Primes: 1
11:03:38| 7 is prime
11:03:38|  
11:03:38| --------------------------------------------------------------------------------
11:03:38| Words: 0
11:03:38|  
11:03:38| --------------------------------------------------------------------------------
11:03:38| Uppercase: 0
11:03:38|  
11:03:38| --------------------------------------------------------------------------------
11:03:38| Sums: 0
11:03:38|  
11:03:38| --------------------------------------------------------------------------------
11:03:38| Names: 0
11:03:38|  
11:03:38| Number of Primes tasks: 1
11:03:38| Number of Words tasks: 0
11:03:38| Number of Uppercase tasks: 0
11:03:38| Number of Sums tasks: 0
11:03:38| Number of Names tasks: 0
11:03:38| Finished processes 5 tasks = 0.03161680
