19:21:37| --------------------------------------------------------------------------------
19:21:37| Primes: 1
19:21:37| 7 is prime
19:21:37|  
19:21:37| --------------------------------------------------------------------------------
19:21:37| Words: 0
19:21:37|  
19:21:37| --------------------------------------------------------------------------------
19:21:37| Uppercase: 0
19:21:37|  
19:21:37| --------------------------------------------------------------------------------
19:21:37| Sums: 0
19:21:37|  
19:21:37| --------------------------------------------------------------------------------
19:21:37| Names: 0
19:21:37|  
19:21:37| Number of Primes tasks: 1
19:21:37| Number of Words tasks: 0
19:21:37| Number of Uppercase tasks: 0
19:21:37| Number of Sums tasks: 0
19:21:37| Number of Names tasks: 0
19:21:37| Finished processes 5 tasks = 1.84581520
