11:08:52| --------------------------------------------------------------------------------
11:08:52| Primes: 1
11:08:52| 7 is prime
11:08:52|  
11:08:52| --------------------------------------------------------------------------------
11:08:52| Words: 1
11:08:52| amusement is in the text file
11:08:52|  
11:08:52| --------------------------------------------------------------------------------
11:08:52| Uppercase: 0
11:08:52|  
11:08:52| --------------------------------------------------------------------------------
11:08:52| Sums: 0
11:08:52|  
11:08:52| --------------------------------------------------------------------------------
11:08:52| Names: 0
11:08:52|  
11:08:52| Number of Primes tasks: 1
11:08:52| Number of Words tasks: 1
11:08:52| Number of Uppercase tasks: 0
11:08:52| Number of Sums tasks: 0
11:08:52| Number of Names tasks: 0
11:08:52| Finished processes 5 tasks = 0.05163130
