11:20:01| --------------------------------------------------------------------------------
11:20:01| Primes: 1
11:20:01| 7 is prime
11:20:01|  
11:20:01| --------------------------------------------------------------------------------
11:20:01| Words: 1
11:20:01| amusement is in the text file
11:20:01|  
11:20:01| --------------------------------------------------------------------------------
11:20:01| Uppercase: 1
11:20:01| INJECT
11:20:01|  
11:20:01| --------------------------------------------------------------------------------
11:20:01| Sums: 1
11:20:01| sum of 424 to 694,818 = 695,242
11:20:01|  
11:20:01| --------------------------------------------------------------------------------
11:20:01| Names: 0
11:20:01|  
11:20:01| Number of Primes tasks: 1
11:20:01| Number of Words tasks: 1
11:20:01| Number of Uppercase tasks: 1
11:20:01| Number of Sums tasks: 1
11:20:01| Number of Names tasks: 0
11:20:01| Finished processes 5 tasks = 1.09342700
