11:17:55| --------------------------------------------------------------------------------
11:17:55| Primes: 1
11:17:55| 7 is prime
11:17:55|  
11:17:55| --------------------------------------------------------------------------------
11:17:55| Words: 1
11:17:55| amusement is in the text file
11:17:55|  
11:17:55| --------------------------------------------------------------------------------
11:17:55| Uppercase: 1
11:17:55| INJECT
11:17:55|  
11:17:55| --------------------------------------------------------------------------------
11:17:55| Sums: 1
11:17:55| sum of 424 to 694,818 = 695,242
11:17:55|  
11:17:55| --------------------------------------------------------------------------------
11:17:55| Names: 0
11:17:55|  
11:17:55| Number of Primes tasks: 1
11:17:55| Number of Words tasks: 1
11:17:55| Number of Uppercase tasks: 1
11:17:55| Number of Sums tasks: 1
11:17:55| Number of Names tasks: 0
11:17:55| Finished processes 5 tasks = 1.06059110
