11:18:27| --------------------------------------------------------------------------------
11:18:27| Primes: 1
11:18:27| 7 is prime
11:18:27|  
11:18:27| --------------------------------------------------------------------------------
11:18:27| Words: 1
11:18:27| amusement is in the text file
11:18:27|  
11:18:27| --------------------------------------------------------------------------------
11:18:27| Uppercase: 1
11:18:27| INJECT
11:18:27|  
11:18:27| --------------------------------------------------------------------------------
11:18:27| Sums: 1
11:18:27| sum of 424 to 694,818 = 695,242
11:18:27|  
11:18:27| --------------------------------------------------------------------------------
11:18:27| Names: 0
11:18:27|  
11:18:27| Number of Primes tasks: 1
11:18:27| Number of Words tasks: 1
11:18:27| Number of Uppercase tasks: 1
11:18:27| Number of Sums tasks: 1
11:18:27| Number of Names tasks: 0
11:18:27| Finished processes 5 tasks = 1.10978620
