19:09:26| --------------------------------------------------------------------------------
19:09:26| Primes: 0
19:09:26|  
19:09:26| --------------------------------------------------------------------------------
19:09:26| Words: 0
19:09:26|  
19:09:26| --------------------------------------------------------------------------------
19:09:26| Uppercase: 0
19:09:26|  
19:09:26| --------------------------------------------------------------------------------
19:09:26| Sums: 0
19:09:26|  
19:09:26| --------------------------------------------------------------------------------
19:09:26| Names: 0
19:09:26|  
19:09:26| Number of Primes tasks: 0
19:09:26| Number of Words tasks: 0
19:09:26| Number of Uppercase tasks: 0
19:09:26| Number of Sums tasks: 0
19:09:26| Number of Names tasks: 0
19:09:26| Finished processes 5 tasks = 0.88438740
