19:04:35| --------------------------------------------------------------------------------
19:04:35| Primes: 0
19:04:35|  
19:04:35| --------------------------------------------------------------------------------
19:04:35| Words: 0
19:04:35|  
19:04:35| --------------------------------------------------------------------------------
19:04:35| Uppercase: 0
19:04:35|  
19:04:35| --------------------------------------------------------------------------------
19:04:35| Sums: 0
19:04:35|  
19:04:35| --------------------------------------------------------------------------------
19:04:35| Names: 1
19:04:35| http://127.0.0.1:8790/people/2/ has name C-3PO
19:04:35|  
19:04:35| Number of Primes tasks: 0
19:04:35| Number of Words tasks: 0
19:04:35| Number of Uppercase tasks: 0
19:04:35| Number of Sums tasks: 0
19:04:35| Number of Names tasks: 1
19:04:35| Finished processes 5 tasks = 1.19025420
