11:01:47| --------------------------------------------------------------------------------
11:01:47| Primes: 0
11:01:47|  
11:01:47| --------------------------------------------------------------------------------
11:01:47| Words: 0
11:01:47|  
11:01:47| --------------------------------------------------------------------------------
11:01:47| Uppercase: 0
11:01:47|  
11:01:47| --------------------------------------------------------------------------------
11:01:47| Sums: 0
11:01:47|  
11:01:47| --------------------------------------------------------------------------------
11:01:47| Names: 0
11:01:47|  
11:01:47| Number of Primes tasks: 0
11:01:47| Number of Words tasks: 0
11:01:47| Number of Uppercase tasks: 0
11:01:47| Number of Sums tasks: 0
11:01:47| Number of Names tasks: 0
11:01:47| Finished processes 5 tasks = 0.03174510
