19:10:45| --------------------------------------------------------------------------------
19:10:45| Primes: 0
19:10:45|  
19:10:45| --------------------------------------------------------------------------------
19:10:45| Words: 0
19:10:45|  
19:10:45| --------------------------------------------------------------------------------
19:10:45| Uppercase: 0
19:10:45|  
19:10:45| --------------------------------------------------------------------------------
19:10:45| Sums: 0
19:10:45|  
19:10:45| --------------------------------------------------------------------------------
19:10:45| Names: 0
19:10:45|  
19:10:45| Number of Primes tasks: 0
19:10:45| Number of Words tasks: 0
19:10:45| Number of Uppercase tasks: 0
19:10:45| Number of Sums tasks: 0
19:10:45| Number of Names tasks: 0
19:10:45| Finished processes 5 tasks = 0.89797800
