11:12:41| --------------------------------------------------------------------------------
11:12:41| Primes: 1
11:12:41| 7 is prime
11:12:41|  
11:12:41| --------------------------------------------------------------------------------
11:12:41| Words: 1
11:12:41| amusement is in the text file
11:12:41|  
11:12:41| --------------------------------------------------------------------------------
11:12:41| Uppercase: 1
11:12:41| INJECT
11:12:41|  
11:12:41| --------------------------------------------------------------------------------
11:12:41| Sums: 1
11:12:41| sum of 424 to 694,818 = 695,242
11:12:41|  
11:12:41| --------------------------------------------------------------------------------
11:12:41| Names: 0
11:12:41|  
11:12:41| Number of Primes tasks: 1
11:12:41| Number of Words tasks: 1
11:12:41| Number of Uppercase tasks: 1
11:12:41| Number of Sums tasks: 1
11:12:41| Number of Names tasks: 0
11:12:41| Finished processes 5 tasks = 0.04733530
